<?xml version="1.0" encoding="UTF-8"?>
<coverage generated="1419777283">
  <project timestamp="1419777283">
    <package name="Ice">
      <file name="/usr/home/dp/PhpstormProjects/ice/Ice/Source/Ice/Bootstrap.php">
        <class name="Bootstrap" namespace="Ice" fullPackage="Ice" package="Ice">
          <metrics methods="1" coveredmethods="0" conditionals="0" coveredconditionals="0" statements="33" coveredstatements="0" elements="34" coveredelements="0"/>
        </class>
        <line num="42" type="method" name="init" crap="30" count="0"/>
        <line num="44" type="stmt" count="0"/>
        <line num="46" type="stmt" count="0"/>
        <line num="48" type="stmt" count="0"/>
        <line num="50" type="stmt" count="0"/>
        <line num="51" type="stmt" count="0"/>
        <line num="53" type="stmt" count="0"/>
        <line num="55" type="stmt" count="0"/>
        <line num="56" type="stmt" count="0"/>
        <line num="57" type="stmt" count="0"/>
        <line num="58" type="stmt" count="0"/>
        <line num="59" type="stmt" count="0"/>
        <line num="60" type="stmt" count="0"/>
        <line num="61" type="stmt" count="0"/>
        <line num="63" type="stmt" count="0"/>
        <line num="64" type="stmt" count="0"/>
        <line num="66" type="stmt" count="0"/>
        <line num="69" type="stmt" count="0"/>
        <line num="71" type="stmt" count="0"/>
        <line num="73" type="stmt" count="0"/>
        <line num="75" type="stmt" count="0"/>
        <line num="76" type="stmt" count="0"/>
        <line num="78" type="stmt" count="0"/>
        <line num="80" type="stmt" count="0"/>
        <line num="81" type="stmt" count="0"/>
        <line num="84" type="stmt" count="0"/>
        <line num="85" type="stmt" count="0"/>
        <line num="86" type="stmt" count="0"/>
        <line num="87" type="stmt" count="0"/>
        <line num="88" type="stmt" count="0"/>
        <line num="91" type="stmt" count="0"/>
        <line num="92" type="stmt" count="0"/>
        <line num="93" type="stmt" count="0"/>
        <line num="94" type="stmt" count="0"/>
        <metrics loc="94" ncloc="67" classes="1" methods="1" coveredmethods="0" conditionals="0" coveredconditionals="0" statements="33" coveredstatements="0" elements="34" coveredelements="0"/>
      </file>
      <file name="/usr/home/dp/PhpstormProjects/ice/Ice/Source/Ice/Core.php">
        <class name="Core" namespace="Ice" fullPackage="Ice" package="Ice">
          <metrics methods="14" coveredmethods="7" conditionals="0" coveredconditionals="0" statements="21" coveredstatements="12" elements="35" coveredelements="19"/>
        </class>
        <line num="47" type="method" name="getShortName" crap="2" count="0"/>
        <line num="49" type="stmt" count="0"/>
        <line num="63" type="method" name="getClass" crap="2" count="2"/>
        <line num="65" type="stmt" count="2"/>
        <line num="66" type="stmt" count="2"/>
        <line num="67" type="stmt" count="2"/>
        <line num="82" type="method" name="getModuleAlias" crap="1" count="2"/>
        <line num="84" type="stmt" count="2"/>
        <line num="97" type="method" name="getResource" crap="2" count="0"/>
        <line num="99" type="stmt" count="0"/>
        <line num="115" type="method" name="getConfig" crap="1" count="2"/>
        <line num="117" type="stmt" count="2"/>
        <line num="131" type="method" name="getDataProvider" crap="2" count="2"/>
        <line num="133" type="stmt" count="2"/>
        <line num="134" type="stmt" count="2"/>
        <line num="135" type="stmt" count="2"/>
        <line num="137" type="stmt" count="2"/>
        <line num="150" type="method" name="getClassName" crap="1" count="2"/>
        <line num="152" type="stmt" count="2"/>
        <line num="165" type="method" name="getCodeGenerator" crap="2" count="0"/>
        <line num="167" type="stmt" count="0"/>
        <line num="180" type="method" name="getNamespace" crap="2" count="0"/>
        <line num="182" type="stmt" count="0"/>
        <line num="195" type="method" name="getBaseClass" crap="1" count="2"/>
        <line num="197" type="stmt" count="2"/>
        <line num="213" type="method" name="create" crap="2" count="0"/>
        <line num="215" type="stmt" count="0"/>
        <line num="216" type="stmt" count="0"/>
        <line num="229" type="method" name="getLogger" crap="1" count="1"/>
        <line num="231" type="stmt" count="1"/>
        <line num="244" type="method" name="getDefaultKey" crap="2" count="0"/>
        <line num="246" type="stmt" count="0"/>
        <line num="247" type="stmt" count="0"/>
        <line num="260" type="method" name="getRegistry" crap="2" count="0"/>
        <line num="262" type="stmt" count="0"/>
        <metrics loc="263" ncloc="94" classes="1" methods="14" coveredmethods="7" conditionals="0" coveredconditionals="0" statements="21" coveredstatements="12" elements="35" coveredelements="19"/>
      </file>
    </package>
    <package name="Ice\Core">
      <file name="/usr/home/dp/PhpstormProjects/ice/Ice/Source/Ice/Core/Action/Context.php">
        <class name="Action_Context" namespace="Ice\Core" fullPackage="Ice.Core" package="Ice" subpackage="Core">
          <metrics methods="8" coveredmethods="1" conditionals="0" coveredconditionals="0" statements="59" coveredstatements="25" elements="67" coveredelements="26"/>
        </class>
        <line num="80" type="method" name="addAction" crap="10.05" count="1"/>
        <line num="82" type="stmt" count="1"/>
        <line num="83" type="stmt" count="1"/>
        <line num="86" type="stmt" count="1"/>
        <line num="87" type="stmt" count="1"/>
        <line num="88" type="stmt" count="1"/>
        <line num="89" type="stmt" count="0"/>
        <line num="90" type="stmt" count="0"/>
        <line num="93" type="stmt" count="1"/>
        <line num="94" type="stmt" count="1"/>
        <line num="95" type="stmt" count="1"/>
        <line num="98" type="stmt" count="1"/>
        <line num="99" type="stmt" count="1"/>
        <line num="100" type="stmt" count="1"/>
        <line num="101" type="stmt" count="1"/>
        <line num="103" type="stmt" count="1"/>
        <line num="106" type="stmt" count="1"/>
        <line num="107" type="stmt" count="1"/>
        <line num="108" type="stmt" count="1"/>
        <line num="111" type="stmt" count="1"/>
        <line num="112" type="stmt" count="1"/>
        <line num="113" type="stmt" count="1"/>
        <line num="115" type="stmt" count="1"/>
        <line num="116" type="stmt" count="1"/>
        <line num="117" type="stmt" count="1"/>
        <line num="118" type="stmt" count="1"/>
        <line num="120" type="stmt" count="1"/>
        <line num="132" type="method" name="setParams" crap="2" count="0"/>
        <line num="134" type="stmt" count="0"/>
        <line num="135" type="stmt" count="0"/>
        <line num="147" type="method" name="setTemplate" crap="2" count="0"/>
        <line num="149" type="stmt" count="0"/>
        <line num="150" type="stmt" count="0"/>
        <line num="162" type="method" name="getActions" crap="1" count="1"/>
        <line num="164" type="stmt" count="1"/>
        <line num="179" type="method" name="initAction" crap="20" count="0"/>
        <line num="181" type="stmt" count="0"/>
        <line num="182" type="stmt" count="0"/>
        <line num="183" type="stmt" count="0"/>
        <line num="185" type="stmt" count="0"/>
        <line num="186" type="stmt" count="0"/>
        <line num="187" type="stmt" count="0"/>
        <line num="189" type="stmt" count="0"/>
        <line num="190" type="stmt" count="0"/>
        <line num="192" type="stmt" count="0"/>
        <line num="194" type="stmt" count="0"/>
        <line num="198" type="stmt" count="0"/>
        <line num="201" type="stmt" count="0"/>
        <line num="203" type="stmt" count="0"/>
        <line num="204" type="stmt" count="0"/>
        <line num="205" type="stmt" count="0"/>
        <line num="206" type="stmt" count="0"/>
        <line num="207" type="stmt" count="0"/>
        <line num="208" type="stmt" count="0"/>
        <line num="209" type="stmt" count="0"/>
        <line num="210" type="stmt" count="0"/>
        <line num="212" type="stmt" count="0"/>
        <line num="215" type="stmt" count="0"/>
        <line num="216" type="stmt" count="0"/>
        <line num="228" type="method" name="getViewData" crap="2" count="0"/>
        <line num="230" type="stmt" count="0"/>
        <line num="243" type="method" name="getFullStack" crap="2" count="0"/>
        <line num="245" type="stmt" count="0"/>
        <line num="256" type="method" name="commit" crap="2" count="0"/>
        <line num="258" type="stmt" count="0"/>
        <line num="259" type="stmt" count="0"/>
        <line num="260" type="stmt" count="0"/>
        <metrics loc="260" ncloc="125" classes="1" methods="8" coveredmethods="1" conditionals="0" coveredconditionals="0" statements="59" coveredstatements="25" elements="67" coveredelements="26"/>
      </file>
      <file name="/usr/home/dp/PhpstormProjects/ice/Ice/Source/Ice/Core/Config.php">
        <class name="Config" namespace="Ice\Core" fullPackage="Ice.Core" package="Ice" subpackage="Core">
          <metrics methods="13" coveredmethods="3" conditionals="0" coveredconditionals="0" statements="76" coveredstatements="39" elements="89" coveredelements="42"/>
        </class>
        <line num="69" type="method" name="__construct" crap="1" count="1"/>
        <line num="71" type="stmt" count="1"/>
        <line num="72" type="stmt" count="1"/>
        <line num="73" type="stmt" count="1"/>
        <line num="128" type="method" name="getInstance" crap="31.86" count="2"/>
        <line num="136" type="stmt" count="2"/>
        <line num="138" type="stmt" count="2"/>
        <line num="139" type="stmt" count="0"/>
        <line num="140" type="stmt" count="0"/>
        <line num="142" type="stmt" count="2"/>
        <line num="143" type="stmt" count="0"/>
        <line num="144" type="stmt" count="0"/>
        <line num="146" type="stmt" count="2"/>
        <line num="148" type="stmt" count="2"/>
        <line num="149" type="stmt" count="0"/>
        <line num="150" type="stmt" count="0"/>
        <line num="153" type="stmt" count="2"/>
        <line num="155" type="stmt" count="2"/>
        <line num="157" type="stmt" count="2"/>
        <line num="158" type="stmt" count="2"/>
        <line num="161" type="stmt" count="1"/>
        <line num="162" type="stmt" count="0"/>
        <line num="163" type="stmt" count="0"/>
        <line num="164" type="stmt" count="0"/>
        <line num="165" type="stmt" count="0"/>
        <line num="167" type="stmt" count="0"/>
        <line num="168" type="stmt" count="0"/>
        <line num="169" type="stmt" count="0"/>
        <line num="170" type="stmt" count="0"/>
        <line num="172" type="stmt" count="1"/>
        <line num="173" type="stmt" count="0"/>
        <line num="174" type="stmt" count="0"/>
        <line num="175" type="stmt" count="0"/>
        <line num="177" type="stmt" count="0"/>
        <line num="178" type="stmt" count="1"/>
        <line num="180" type="stmt" count="1"/>
        <line num="181" type="stmt" count="1"/>
        <line num="183" type="stmt" count="1"/>
        <line num="184" type="stmt" count="1"/>
        <line num="185" type="stmt" count="1"/>
        <line num="186" type="stmt" count="1"/>
        <line num="188" type="stmt" count="1"/>
        <line num="190" type="stmt" count="1"/>
        <line num="192" type="stmt" count="1"/>
        <line num="194" type="stmt" count="1"/>
        <line num="207" type="method" name="getDefaultDataProviderKey" crap="1" count="2"/>
        <line num="209" type="stmt" count="2"/>
        <line num="222" type="method" name="getDefaultKey" crap="2" count="0"/>
        <line num="224" type="stmt" count="0"/>
        <line num="240" type="method" name="gets" crap="5.40" count="2"/>
        <line num="242" type="stmt" count="2"/>
        <line num="243" type="stmt" count="1"/>
        <line num="246" type="stmt" count="2"/>
        <line num="248" type="stmt" count="2"/>
        <line num="249" type="stmt" count="0"/>
        <line num="250" type="stmt" count="0"/>
        <line num="251" type="stmt" count="0"/>
        <line num="253" type="stmt" count="0"/>
        <line num="256" type="stmt" count="2"/>
        <line num="270" type="method" name="isSetKey" crap="3.03" count="2"/>
        <line num="272" type="stmt" count="2"/>
        <line num="274" type="stmt" count="2"/>
        <line num="275" type="stmt" count="2"/>
        <line num="276" type="stmt" count="0"/>
        <line num="279" type="stmt" count="2"/>
        <line num="280" type="stmt" count="2"/>
        <line num="282" type="stmt" count="2"/>
        <line num="295" type="method" name="getConfigName" crap="2" count="0"/>
        <line num="297" type="stmt" count="0"/>
        <line num="313" type="method" name="get" crap="2" count="1"/>
        <line num="315" type="stmt" count="1"/>
        <line num="317" type="stmt" count="1"/>
        <line num="331" type="method" name="current" crap="2" count="0"/>
        <line num="333" type="stmt" count="0"/>
        <line num="347" type="method" name="next" crap="2" count="0"/>
        <line num="349" type="stmt" count="0"/>
        <line num="350" type="stmt" count="0"/>
        <line num="351" type="stmt" count="0"/>
        <line num="364" type="method" name="key" crap="2" count="0"/>
        <line num="366" type="stmt" count="0"/>
        <line num="381" type="method" name="valid" crap="2" count="0"/>
        <line num="383" type="stmt" count="0"/>
        <line num="384" type="stmt" count="0"/>
        <line num="398" type="method" name="rewind" crap="6" count="0"/>
        <line num="400" type="stmt" count="0"/>
        <line num="401" type="stmt" count="0"/>
        <line num="402" type="stmt" count="0"/>
        <line num="404" type="stmt" count="0"/>
        <line num="405" type="stmt" count="0"/>
        <metrics loc="405" ncloc="143" classes="1" methods="13" coveredmethods="3" conditionals="0" coveredconditionals="0" statements="76" coveredstatements="39" elements="89" coveredelements="42"/>
      </file>
      <file name="/usr/home/dp/PhpstormProjects/ice/Ice/Source/Ice/Core/Container.php">
        <class name="Container" namespace="Ice\Core" fullPackage="Ice.Core" package="Ice" subpackage="Core">
          <metrics methods="4" coveredmethods="1" conditionals="0" coveredconditionals="0" statements="44" coveredstatements="28" elements="48" coveredelements="29"/>
        </class>
        <line num="45" type="method" name="getInstance" crap="14.45" count="2"/>
        <line num="48" type="stmt" count="2"/>
        <line num="50" type="stmt" count="2"/>
        <line num="51" type="stmt" count="2"/>
        <line num="52" type="stmt" count="2"/>
        <line num="55" type="stmt" count="2"/>
        <line num="57" type="stmt" count="2"/>
        <line num="58" type="stmt" count="2"/>
        <line num="59" type="stmt" count="2"/>
        <line num="60" type="stmt" count="2"/>
        <line num="61" type="stmt" count="2"/>
        <line num="62" type="stmt" count="2"/>
        <line num="63" type="stmt" count="2"/>
        <line num="64" type="stmt" count="1"/>
        <line num="65" type="stmt" count="1"/>
        <line num="68" type="stmt" count="2"/>
        <line num="70" type="stmt" count="2"/>
        <line num="71" type="stmt" count="2"/>
        <line num="74" type="stmt" count="1"/>
        <line num="77" type="stmt" count="1"/>
        <line num="79" type="stmt" count="1"/>
        <line num="80" type="stmt" count="1"/>
        <line num="81" type="stmt" count="1"/>
        <line num="83" type="stmt" count="1"/>
        <line num="84" type="stmt" count="0"/>
        <line num="85" type="stmt" count="0"/>
        <line num="86" type="stmt" count="0"/>
        <line num="88" type="stmt" count="0"/>
        <line num="89" type="stmt" count="0"/>
        <line num="90" type="stmt" count="0"/>
        <line num="91" type="stmt" count="0"/>
        <line num="92" type="stmt" count="0"/>
        <line num="93" type="stmt" count="0"/>
        <line num="97" type="stmt" count="1"/>
        <line num="98" type="stmt" count="0"/>
        <line num="99" type="stmt" count="0"/>
        <line num="102" type="stmt" count="1"/>
        <line num="105" type="method" name="getClass" crap="2" count="2"/>
        <line num="107" type="stmt" count="2"/>
        <line num="108" type="stmt" count="2"/>
        <line num="109" type="stmt" count="2"/>
        <line num="122" type="method" name="getBaseClass" crap="2" count="0"/>
        <line num="124" type="stmt" count="0"/>
        <line num="139" type="method" name="getDataProvider" crap="6" count="0"/>
        <line num="141" type="stmt" count="0"/>
        <line num="142" type="stmt" count="0"/>
        <line num="143" type="stmt" count="0"/>
        <line num="145" type="stmt" count="0"/>
        <metrics loc="146" ncloc="89" classes="1" methods="4" coveredmethods="1" conditionals="0" coveredconditionals="0" statements="44" coveredstatements="28" elements="48" coveredelements="29"/>
      </file>
      <file name="/usr/home/dp/PhpstormProjects/ice/Ice/Source/Ice/Core/Data/Provider.php">
        <class name="Data_Provider" namespace="Ice\Core" fullPackage="Ice.Core" package="Ice" subpackage="Core">
          <metrics methods="12" coveredmethods="7" conditionals="0" coveredconditionals="0" statements="45" coveredstatements="32" elements="57" coveredelements="39"/>
        </class>
        <line num="80" type="method" name="__construct" crap="1" count="1"/>
        <line num="82" type="stmt" count="1"/>
        <line num="83" type="stmt" count="1"/>
        <line num="84" type="stmt" count="1"/>
        <line num="98" type="method" name="getInstance" crap="5.01" count="2"/>
        <line num="101" type="stmt" count="2"/>
        <line num="103" type="stmt" count="2"/>
        <line num="104" type="stmt" count="0"/>
        <line num="105" type="stmt" count="2"/>
        <line num="106" type="stmt" count="2"/>
        <line num="107" type="stmt" count="2"/>
        <line num="109" type="stmt" count="2"/>
        <line num="111" type="stmt" count="2"/>
        <line num="113" type="stmt" count="2"/>
        <line num="114" type="stmt" count="1"/>
        <line num="115" type="stmt" count="1"/>
        <line num="118" type="stmt" count="2"/>
        <line num="119" type="stmt" count="2"/>
        <line num="122" type="stmt" count="1"/>
        <line num="136" type="method" name="getDefaultDataProviderKey" crap="2" count="0"/>
        <line num="138" type="stmt" count="0"/>
        <line num="139" type="stmt" count="0"/>
        <line num="152" type="method" name="getScheme" crap="1" count="1"/>
        <line num="154" type="stmt" count="1"/>
        <line num="167" type="method" name="setScheme" crap="1" count="1"/>
        <line num="169" type="stmt" count="1"/>
        <line num="170" type="stmt" count="1"/>
        <line num="183" type="method" name="getConnection" crap="3.71" count="2"/>
        <line num="185" type="stmt" count="2"/>
        <line num="186" type="stmt" count="2"/>
        <line num="189" type="stmt" count="1"/>
        <line num="191" type="stmt" count="0"/>
        <line num="192" type="stmt" count="0"/>
        <line num="193" type="stmt" count="0"/>
        <line num="195" type="stmt" count="1"/>
        <line num="221" type="method" name="getKey" crap="1" count="2"/>
        <line num="223" type="stmt" count="2"/>
        <line num="236" type="method" name="getIndex" crap="1" count="2"/>
        <line num="238" type="stmt" count="2"/>
        <line num="251" type="method" name="closeConnection" crap="6" count="0"/>
        <line num="253" type="stmt" count="0"/>
        <line num="255" type="stmt" count="0"/>
        <line num="256" type="stmt" count="0"/>
        <line num="257" type="stmt" count="0"/>
        <line num="259" type="stmt" count="0"/>
        <line num="260" type="stmt" count="0"/>
        <line num="379" type="method" name="getFullKey" crap="2" count="0"/>
        <line num="381" type="stmt" count="0"/>
        <line num="394" type="method" name="getKeyPrefix" crap="1" count="2"/>
        <line num="397" type="stmt" count="2"/>
        <line num="398" type="stmt" count="2"/>
        <line num="412" type="method" name="getOptions" crap="3" count="1"/>
        <line num="416" type="stmt" count="1"/>
        <line num="418" type="stmt" count="1"/>
        <line num="419" type="stmt" count="1"/>
        <line num="420" type="stmt" count="1"/>
        <line num="422" type="stmt" count="1"/>
        <metrics loc="423" ncloc="145" classes="1" methods="12" coveredmethods="7" conditionals="0" coveredconditionals="0" statements="45" coveredstatements="32" elements="57" coveredelements="39"/>
      </file>
      <file name="/usr/home/dp/PhpstormProjects/ice/Ice/Source/Ice/Core/Data/Scheme.php">
        <class name="Data_Scheme" namespace="Ice\Core" fullPackage="Ice.Core" package="Ice" subpackage="Core">
          <metrics methods="9" coveredmethods="3" conditionals="0" coveredconditionals="0" statements="58" coveredstatements="9" elements="67" coveredelements="12"/>
        </class>
        <line num="62" type="method" name="__construct" crap="1" count="1"/>
        <line num="64" type="stmt" count="1"/>
        <line num="65" type="stmt" count="1"/>
        <line num="79" type="method" name="create" crap="1" count="1"/>
        <line num="81" type="stmt" count="1"/>
        <line num="96" type="method" name="getFilePathData" crap="3.19" count="1"/>
        <line num="98" type="stmt" count="1"/>
        <line num="100" type="stmt" count="1"/>
        <line num="101" type="stmt" count="1"/>
        <line num="105" type="stmt" count="0"/>
        <line num="106" type="stmt" count="0"/>
        <line num="107" type="stmt" count="0"/>
        <line num="108" type="stmt" count="0"/>
        <line num="110" type="stmt" count="0"/>
        <line num="112" type="stmt" count="0"/>
        <line num="128" type="method" name="update" crap="90" count="0"/>
        <line num="131" type="stmt" count="0"/>
        <line num="132" type="stmt" count="0"/>
        <line num="134" type="stmt" count="0"/>
        <line num="136" type="stmt" count="0"/>
        <line num="137" type="stmt" count="0"/>
        <line num="139" type="stmt" count="0"/>
        <line num="142" type="stmt" count="0"/>
        <line num="143" type="stmt" count="0"/>
        <line num="144" type="stmt" count="0"/>
        <line num="146" type="stmt" count="0"/>
        <line num="147" type="stmt" count="0"/>
        <line num="149" type="stmt" count="0"/>
        <line num="150" type="stmt" count="0"/>
        <line num="153" type="stmt" count="0"/>
        <line num="154" type="stmt" count="0"/>
        <line num="155" type="stmt" count="0"/>
        <line num="156" type="stmt" count="0"/>
        <line num="158" type="stmt" count="0"/>
        <line num="159" type="stmt" count="0"/>
        <line num="161" type="stmt" count="0"/>
        <line num="162" type="stmt" count="0"/>
        <line num="163" type="stmt" count="0"/>
        <line num="166" type="stmt" count="0"/>
        <line num="167" type="stmt" count="0"/>
        <line num="168" type="stmt" count="0"/>
        <line num="169" type="stmt" count="0"/>
        <line num="170" type="stmt" count="0"/>
        <line num="172" type="stmt" count="0"/>
        <line num="173" type="stmt" count="0"/>
        <line num="176" type="stmt" count="0"/>
        <line num="177" type="stmt" count="0"/>
        <line num="179" type="stmt" count="0"/>
        <line num="181" type="stmt" count="0"/>
        <line num="183" type="stmt" count="0"/>
        <line num="184" type="stmt" count="0"/>
        <line num="186" type="stmt" count="0"/>
        <line num="188" type="stmt" count="0"/>
        <line num="190" type="stmt" count="0"/>
        <line num="205" type="method" name="diff" crap="2" count="0"/>
        <line num="207" type="stmt" count="0"/>
        <line num="220" type="method" name="getDefaultKey" crap="2" count="0"/>
        <line num="222" type="stmt" count="0"/>
        <line num="223" type="stmt" count="0"/>
        <line num="236" type="method" name="getTableNames" crap="1" count="1"/>
        <line num="238" type="stmt" count="1"/>
        <line num="251" type="method" name="getModelClasses" crap="2.15" count="1"/>
        <line num="253" type="stmt" count="1"/>
        <line num="254" type="stmt" count="0"/>
        <line num="257" type="stmt" count="1"/>
        <line num="270" type="method" name="getName" crap="2" count="0"/>
        <line num="272" type="stmt" count="0"/>
        <metrics loc="273" ncloc="142" classes="1" methods="9" coveredmethods="3" conditionals="0" coveredconditionals="0" statements="58" coveredstatements="9" elements="67" coveredelements="12"/>
      </file>
      <file name="/usr/home/dp/PhpstormProjects/ice/Ice/Source/Ice/Core/Data/Source.php">
        <class name="Data_Source" namespace="Ice\Core" fullPackage="Ice.Core" package="Ice" subpackage="Core">
          <metrics methods="8" coveredmethods="5" conditionals="0" coveredconditionals="0" statements="28" coveredstatements="24" elements="36" coveredelements="29"/>
        </class>
        <line num="61" type="method" name="__construct" crap="1" count="1"/>
        <line num="63" type="stmt" count="1"/>
        <line num="64" type="stmt" count="1"/>
        <line num="65" type="stmt" count="1"/>
        <line num="66" type="stmt" count="1"/>
        <line num="78" type="method" name="getSourceDataProvider" crap="2" count="1"/>
        <line num="81" type="stmt" count="1"/>
        <line num="83" type="stmt" count="1"/>
        <line num="84" type="stmt" count="1"/>
        <line num="85" type="stmt" count="1"/>
        <line num="87" type="stmt" count="1"/>
        <line num="100" type="method" name="getDefaultKey" crap="2" count="1"/>
        <line num="102" type="stmt" count="1"/>
        <line num="103" type="stmt" count="1"/>
        <line num="118" type="method" name="create" crap="5.09" count="1"/>
        <line num="120" type="stmt" count="1"/>
        <line num="122" type="stmt" count="1"/>
        <line num="123" type="stmt" count="1"/>
        <line num="124" type="stmt" count="1"/>
        <line num="125" type="stmt" count="1"/>
        <line num="126" type="stmt" count="1"/>
        <line num="128" type="stmt" count="1"/>
        <line num="129" type="stmt" count="1"/>
        <line num="131" type="stmt" count="1"/>
        <line num="132" type="stmt" count="0"/>
        <line num="133" type="stmt" count="0"/>
        <line num="135" type="stmt" count="1"/>
        <line num="136" type="stmt" count="1"/>
        <line num="205" type="method" name="getConnection" crap="1" count="1"/>
        <line num="207" type="stmt" count="1"/>
        <line num="220" type="method" name="getCacheDataProvider" crap="2" count="0"/>
        <line num="222" type="stmt" count="0"/>
        <line num="237" type="method" name="getInstance" crap="1" count="1"/>
        <line num="239" type="stmt" count="1"/>
        <line num="277" type="method" name="getScheme" crap="2" count="0"/>
        <line num="279" type="stmt" count="0"/>
        <metrics loc="280" ncloc="93" classes="1" methods="8" coveredmethods="5" conditionals="0" coveredconditionals="0" statements="28" coveredstatements="24" elements="36" coveredelements="29"/>
      </file>
      <file name="/usr/home/dp/PhpstormProjects/ice/Ice/Source/Ice/Core/Environment.php">
        <class name="Environment" namespace="Ice\Core" fullPackage="Ice.Core" package="Ice" subpackage="Core">
          <metrics methods="12" coveredmethods="6" conditionals="0" coveredconditionals="0" statements="46" coveredstatements="26" elements="58" coveredelements="32"/>
        </class>
        <line num="61" type="method" name="__construct" crap="20" count="0"/>
        <line num="63" type="stmt" count="0"/>
        <line num="65" type="stmt" count="0"/>
        <line num="67" type="stmt" count="0"/>
        <line num="68" type="stmt" count="0"/>
        <line num="69" type="stmt" count="0"/>
        <line num="72" type="stmt" count="0"/>
        <line num="73" type="stmt" count="0"/>
        <line num="74" type="stmt" count="0"/>
        <line num="76" type="stmt" count="0"/>
        <line num="78" type="stmt" count="0"/>
        <line num="79" type="stmt" count="0"/>
        <line num="92" type="method" name="getDataProvider" crap="1" count="2"/>
        <line num="94" type="stmt" count="2"/>
        <line num="107" type="method" name="getDefaultDataProviderKey" crap="1" count="2"/>
        <line num="109" type="stmt" count="2"/>
        <line num="123" type="method" name="isDevelopment" crap="1" count="1"/>
        <line num="125" type="stmt" count="1"/>
        <line num="138" type="method" name="isProduction" crap="2" count="0"/>
        <line num="140" type="stmt" count="0"/>
        <line num="153" type="method" name="getDefaultKey" crap="3.14" count="2"/>
        <line num="155" type="stmt" count="2"/>
        <line num="157" type="stmt" count="2"/>
        <line num="158" type="stmt" count="2"/>
        <line num="159" type="stmt" count="2"/>
        <line num="161" type="stmt" count="2"/>
        <line num="162" type="stmt" count="2"/>
        <line num="164" type="stmt" count="0"/>
        <line num="166" type="stmt" count="0"/>
        <line num="181" type="method" name="create" crap="2" count="0"/>
        <line num="183" type="stmt" count="0"/>
        <line num="198" type="method" name="getProvider" crap="1" count="2"/>
        <line num="200" type="stmt" count="2"/>
        <line num="216" type="method" name="getDataProviderKey" crap="3.14" count="2"/>
        <line num="218" type="stmt" count="2"/>
        <line num="220" type="stmt" count="2"/>
        <line num="222" type="stmt" count="2"/>
        <line num="223" type="stmt" count="0"/>
        <line num="224" type="stmt" count="0"/>
        <line num="226" type="stmt" count="2"/>
        <line num="227" type="stmt" count="2"/>
        <line num="228" type="stmt" count="2"/>
        <line num="242" type="method" name="get" crap="2" count="2"/>
        <line num="244" type="stmt" count="2"/>
        <line num="245" type="stmt" count="2"/>
        <line num="259" type="method" name="gets" crap="4.43" count="2"/>
        <line num="261" type="stmt" count="2"/>
        <line num="263" type="stmt" count="2"/>
        <line num="264" type="stmt" count="0"/>
        <line num="267" type="stmt" count="2"/>
        <line num="268" type="stmt" count="2"/>
        <line num="269" type="stmt" count="0"/>
        <line num="270" type="stmt" count="0"/>
        <line num="273" type="stmt" count="2"/>
        <line num="274" type="stmt" count="2"/>
        <line num="275" type="stmt" count="2"/>
        <line num="288" type="method" name="getEnvironment" crap="1" count="1"/>
        <line num="290" type="stmt" count="1"/>
        <metrics loc="291" ncloc="129" classes="1" methods="12" coveredmethods="6" conditionals="0" coveredconditionals="0" statements="46" coveredstatements="26" elements="58" coveredelements="32"/>
      </file>
      <file name="/usr/home/dp/PhpstormProjects/ice/Ice/Source/Ice/Core/Loader.php">
        <class name="Loader" namespace="Ice\Core" fullPackage="Ice.Core" package="Ice" subpackage="Core">
          <metrics methods="5" coveredmethods="0" conditionals="0" coveredconditionals="0" statements="71" coveredstatements="35" elements="76" coveredelements="35"/>
        </class>
        <line num="57" type="method" name="load" crap="9.15" count="2"/>
        <line num="59" type="stmt" count="2"/>
        <line num="60" type="stmt" count="0"/>
        <line num="64" type="stmt" count="2"/>
        <line num="66" type="stmt" count="2"/>
        <line num="67" type="stmt" count="2"/>
        <line num="68" type="stmt" count="1"/>
        <line num="69" type="stmt" count="0"/>
        <line num="72" type="stmt" count="2"/>
        <line num="74" type="stmt" count="2"/>
        <line num="75" type="stmt" count="2"/>
        <line num="77" type="stmt" count="2"/>
        <line num="78" type="stmt" count="2"/>
        <line num="79" type="stmt" count="2"/>
        <line num="82" type="stmt" count="0"/>
        <line num="83" type="stmt" count="0"/>
        <line num="85" type="stmt" count="0"/>
        <line num="86" type="stmt" count="0"/>
        <line num="106" type="method" name="getFilePath" crap="18.99" count="2"/>
        <line num="116" type="stmt" count="2"/>
        <line num="118" type="stmt" count="2"/>
        <line num="119" type="stmt" count="2"/>
        <line num="121" type="stmt" count="2"/>
        <line num="123" type="stmt" count="2"/>
        <line num="124" type="stmt" count="0"/>
        <line num="125" type="stmt" count="0"/>
        <line num="127" type="stmt" count="2"/>
        <line num="128" type="stmt" count="2"/>
        <line num="130" type="stmt" count="2"/>
        <line num="132" type="stmt" count="2"/>
        <line num="133" type="stmt" count="2"/>
        <line num="135" type="stmt" count="2"/>
        <line num="139" type="stmt" count="2"/>
        <line num="140" type="stmt" count="2"/>
        <line num="142" type="stmt" count="2"/>
        <line num="143" type="stmt" count="2"/>
        <line num="145" type="stmt" count="0"/>
        <line num="146" type="stmt" count="2"/>
        <line num="147" type="stmt" count="2"/>
        <line num="149" type="stmt" count="2"/>
        <line num="150" type="stmt" count="1"/>
        <line num="151" type="stmt" count="1"/>
        <line num="152" type="stmt" count="1"/>
        <line num="153" type="stmt" count="1"/>
        <line num="156" type="stmt" count="0"/>
        <line num="157" type="stmt" count="0"/>
        <line num="158" type="stmt" count="0"/>
        <line num="159" type="stmt" count="0"/>
        <line num="161" type="stmt" count="0"/>
        <line num="162" type="stmt" count="0"/>
        <line num="164" type="stmt" count="1"/>
        <line num="165" type="stmt" count="1"/>
        <line num="168" type="stmt" count="0"/>
        <line num="186" type="method" name="unregister" crap="12" count="0"/>
        <line num="188" type="stmt" count="0"/>
        <line num="189" type="stmt" count="0"/>
        <line num="190" type="stmt" count="0"/>
        <line num="191" type="stmt" count="0"/>
        <line num="192" type="stmt" count="0"/>
        <line num="194" type="stmt" count="0"/>
        <line num="195" type="stmt" count="0"/>
        <line num="197" type="method" name="init" crap="2" count="0"/>
        <line num="199" type="stmt" count="0"/>
        <line num="201" type="stmt" count="0"/>
        <line num="203" type="stmt" count="0"/>
        <line num="204" type="stmt" count="0"/>
        <line num="205" type="stmt" count="0"/>
        <line num="222" type="method" name="register" crap="12" count="0"/>
        <line num="224" type="stmt" count="0"/>
        <line num="225" type="stmt" count="0"/>
        <line num="226" type="stmt" count="0"/>
        <line num="228" type="stmt" count="0"/>
        <line num="230" type="stmt" count="0"/>
        <line num="231" type="stmt" count="0"/>
        <line num="232" type="stmt" count="0"/>
        <line num="233" type="stmt" count="0"/>
        <metrics loc="233" ncloc="142" classes="1" methods="5" coveredmethods="0" conditionals="0" coveredconditionals="0" statements="71" coveredstatements="35" elements="76" coveredelements="35"/>
      </file>
      <file name="/usr/home/dp/PhpstormProjects/ice/Ice/Source/Ice/Core/Logger.php">
        <class name="Logger" namespace="Ice\Core" fullPackage="Ice.Core" package="Ice" subpackage="Core">
          <metrics methods="19" coveredmethods="2" conditionals="0" coveredconditionals="0" statements="117" coveredstatements="14" elements="136" coveredelements="16"/>
        </class>
        <line num="121" type="method" name="__construct" crap="1" count="1"/>
        <line num="123" type="stmt" count="1"/>
        <line num="124" type="stmt" count="1"/>
        <line num="134" type="method" name="init" crap="2" count="0"/>
        <line num="136" type="stmt" count="0"/>
        <line num="138" type="stmt" count="0"/>
        <line num="140" type="stmt" count="0"/>
        <line num="141" type="stmt" count="0"/>
        <line num="143" type="stmt" count="0"/>
        <line num="144" type="stmt" count="0"/>
        <line num="145" type="stmt" count="0"/>
        <line num="147" type="stmt" count="0"/>
        <line num="148" type="stmt" count="0"/>
        <line num="158" type="method" name="shutdownHandler" crap="20" count="0"/>
        <line num="160" type="stmt" count="0"/>
        <line num="161" type="stmt" count="0"/>
        <line num="162" type="stmt" count="0"/>
        <line num="163" type="stmt" count="0"/>
        <line num="165" type="stmt" count="0"/>
        <line num="166" type="stmt" count="0"/>
        <line num="167" type="stmt" count="0"/>
        <line num="169" type="stmt" count="0"/>
        <line num="171" type="stmt" count="0"/>
        <line num="172" type="stmt" count="0"/>
        <line num="174" type="stmt" count="0"/>
        <line num="175" type="stmt" count="0"/>
        <line num="193" type="method" name="errorHandler" crap="30" count="0"/>
        <line num="196" type="stmt" count="0"/>
        <line num="197" type="stmt" count="0"/>
        <line num="198" type="stmt" count="0"/>
        <line num="199" type="stmt" count="0"/>
        <line num="200" type="stmt" count="0"/>
        <line num="203" type="stmt" count="0"/>
        <line num="204" type="stmt" count="0"/>
        <line num="220" type="method" name="info" crap="15.15" count="1"/>
        <line num="222" type="stmt" count="1"/>
        <line num="223" type="stmt" count="0"/>
        <line num="224" type="stmt" count="0"/>
        <line num="226" type="stmt" count="1"/>
        <line num="228" type="stmt" count="0"/>
        <line num="229" type="stmt" count="0"/>
        <line num="230" type="stmt" count="0"/>
        <line num="231" type="stmt" count="0"/>
        <line num="232" type="stmt" count="0"/>
        <line num="234" type="stmt" count="0"/>
        <line num="235" type="stmt" count="0"/>
        <line num="237" type="stmt" count="1"/>
        <line num="238" type="stmt" count="1"/>
        <line num="240" type="stmt" count="1"/>
        <line num="242" type="stmt" count="1"/>
        <line num="243" type="stmt" count="1"/>
        <line num="244" type="stmt" count="1"/>
        <line num="245" type="stmt" count="1"/>
        <line num="247" type="stmt" count="0"/>
        <line num="248" type="stmt" count="0"/>
        <line num="252" type="method" name="fb" crap="8.74" count="1"/>
        <line num="254" type="stmt" count="1"/>
        <line num="255" type="stmt" count="0"/>
        <line num="256" type="stmt" count="0"/>
        <line num="257" type="stmt" count="0"/>
        <line num="258" type="stmt" count="0"/>
        <line num="259" type="stmt" count="1"/>
        <line num="272" type="method" name="addLog" crap="2" count="0"/>
        <line num="274" type="stmt" count="0"/>
        <line num="294" type="method" name="error" crap="12" count="0"/>
        <line num="296" type="stmt" count="0"/>
        <line num="297" type="stmt" count="0"/>
        <line num="298" type="stmt" count="0"/>
        <line num="300" type="stmt" count="0"/>
        <line num="303" type="stmt" count="0"/>
        <line num="304" type="stmt" count="0"/>
        <line num="305" type="stmt" count="0"/>
        <line num="306" type="stmt" count="0"/>
        <line num="307" type="stmt" count="0"/>
        <line num="308" type="stmt" count="0"/>
        <line num="310" type="stmt" count="0"/>
        <line num="311" type="stmt" count="0"/>
        <line num="314" type="stmt" count="0"/>
        <line num="316" type="stmt" count="0"/>
        <line num="317" type="stmt" count="0"/>
        <line num="318" type="stmt" count="0"/>
        <line num="320" type="stmt" count="0"/>
        <line num="340" type="method" name="createException" crap="6" count="0"/>
        <line num="342" type="stmt" count="0"/>
        <line num="343" type="stmt" count="0"/>
        <line num="344" type="stmt" count="0"/>
        <line num="345" type="stmt" count="0"/>
        <line num="346" type="stmt" count="0"/>
        <line num="348" type="stmt" count="0"/>
        <line num="362" type="method" name="getInstance" crap="1" count="1"/>
        <line num="364" type="stmt" count="1"/>
        <line num="375" type="method" name="renderLog" crap="2" count="0"/>
        <line num="377" type="stmt" count="0"/>
        <line num="378" type="stmt" count="0"/>
        <line num="390" type="method" name="debugDie" crap="12" count="0"/>
        <line num="392" type="stmt" count="0"/>
        <line num="393" type="stmt" count="0"/>
        <line num="394" type="stmt" count="0"/>
        <line num="396" type="stmt" count="0"/>
        <line num="397" type="stmt" count="0"/>
        <line num="398" type="stmt" count="0"/>
        <line num="399" type="stmt" count="0"/>
        <line num="400" type="stmt" count="0"/>
        <line num="402" type="stmt" count="0"/>
        <line num="415" type="method" name="debug" crap="30" count="0"/>
        <line num="417" type="stmt" count="0"/>
        <line num="418" type="stmt" count="0"/>
        <line num="419" type="stmt" count="0"/>
        <line num="421" type="stmt" count="0"/>
        <line num="423" type="stmt" count="0"/>
        <line num="424" type="stmt" count="0"/>
        <line num="426" type="stmt" count="0"/>
        <line num="427" type="stmt" count="0"/>
        <line num="428" type="stmt" count="0"/>
        <line num="429" type="stmt" count="0"/>
        <line num="430" type="stmt" count="0"/>
        <line num="431" type="stmt" count="0"/>
        <line num="433" type="stmt" count="0"/>
        <line num="434" type="stmt" count="0"/>
        <line num="435" type="stmt" count="0"/>
        <line num="437" type="stmt" count="0"/>
        <line num="438" type="stmt" count="0"/>
        <line num="439" type="stmt" count="0"/>
        <line num="449" type="method" name="clearLog" crap="2" count="0"/>
        <line num="451" type="stmt" count="0"/>
        <line num="452" type="stmt" count="0"/>
        <line num="464" type="method" name="microtime" crap="2" count="0"/>
        <line num="466" type="stmt" count="0"/>
        <line num="480" type="method" name="microtimeResult" crap="2" count="0"/>
        <line num="482" type="stmt" count="0"/>
        <line num="501" type="method" name="notice" crap="2" count="0"/>
        <line num="503" type="stmt" count="0"/>
        <line num="522" type="method" name="warning" crap="2" count="0"/>
        <line num="524" type="stmt" count="0"/>
        <line num="543" type="method" name="fatal" crap="2" count="0"/>
        <line num="545" type="stmt" count="0"/>
        <metrics loc="546" ncloc="283" classes="1" methods="19" coveredmethods="2" conditionals="0" coveredconditionals="0" statements="117" coveredstatements="14" elements="136" coveredelements="16"/>
      </file>
      <file name="/usr/home/dp/PhpstormProjects/ice/Ice/Source/Ice/Core/Model.php">
        <class name="Model" namespace="Ice\Core" fullPackage="Ice.Core" package="Ice" subpackage="Core">
          <metrics methods="49" coveredmethods="4" conditionals="0" coveredconditionals="0" statements="318" coveredstatements="16" elements="367" coveredelements="20"/>
        </class>
        <line num="105" type="method" name="__construct" crap="272" count="0"/>
        <line num="107" type="stmt" count="0"/>
        <line num="110" type="stmt" count="0"/>
        <line num="111" type="stmt" count="0"/>
        <line num="113" type="stmt" count="0"/>
        <line num="114" type="stmt" count="0"/>
        <line num="115" type="stmt" count="0"/>
        <line num="117" type="stmt" count="0"/>
        <line num="119" type="stmt" count="0"/>
        <line num="120" type="stmt" count="0"/>
        <line num="121" type="stmt" count="0"/>
        <line num="123" type="stmt" count="0"/>
        <line num="124" type="stmt" count="0"/>
        <line num="125" type="stmt" count="0"/>
        <line num="127" type="stmt" count="0"/>
        <line num="128" type="stmt" count="0"/>
        <line num="129" type="stmt" count="0"/>
        <line num="130" type="stmt" count="0"/>
        <line num="132" type="stmt" count="0"/>
        <line num="133" type="stmt" count="0"/>
        <line num="135" type="stmt" count="0"/>
        <line num="136" type="stmt" count="0"/>
        <line num="137" type="stmt" count="0"/>
        <line num="138" type="stmt" count="0"/>
        <line num="140" type="stmt" count="0"/>
        <line num="141" type="stmt" count="0"/>
        <line num="142" type="stmt" count="0"/>
        <line num="146" type="stmt" count="0"/>
        <line num="147" type="stmt" count="0"/>
        <line num="149" type="stmt" count="0"/>
        <line num="150" type="stmt" count="0"/>
        <line num="151" type="stmt" count="0"/>
        <line num="152" type="stmt" count="0"/>
        <line num="155" type="stmt" count="0"/>
        <line num="156" type="stmt" count="0"/>
        <line num="157" type="stmt" count="0"/>
        <line num="158" type="stmt" count="0"/>
        <line num="159" type="stmt" count="0"/>
        <line num="160" type="stmt" count="0"/>
        <line num="161" type="stmt" count="0"/>
        <line num="163" type="stmt" count="0"/>
        <line num="165" type="stmt" count="0"/>
        <line num="166" type="stmt" count="0"/>
        <line num="167" type="stmt" count="0"/>
        <line num="168" type="stmt" count="0"/>
        <line num="169" type="stmt" count="0"/>
        <line num="170" type="stmt" count="0"/>
        <line num="172" type="stmt" count="0"/>
        <line num="183" type="stmt" count="0"/>
        <line num="185" type="stmt" count="0"/>
        <line num="186" type="stmt" count="0"/>
        <line num="201" type="method" name="getClass" crap="3.14" count="1"/>
        <line num="203" type="stmt" count="1"/>
        <line num="205" type="stmt" count="1"/>
        <line num="206" type="stmt" count="1"/>
        <line num="208" type="stmt" count="1"/>
        <line num="216" type="stmt" count="1"/>
        <line num="217" type="stmt" count="0"/>
        <line num="219" type="stmt" count="0"/>
        <line num="222" type="stmt" count="1"/>
        <line num="235" type="method" name="getScheme" crap="1" count="1"/>
        <line num="237" type="stmt" count="1"/>
        <line num="250" type="method" name="getMapping" crap="2" count="0"/>
        <line num="252" type="stmt" count="0"/>
        <line num="276" type="method" name="set" crap="342" count="0"/>
        <line num="278" type="stmt" count="0"/>
        <line num="279" type="stmt" count="0"/>
        <line num="280" type="stmt" count="0"/>
        <line num="281" type="stmt" count="0"/>
        <line num="283" type="stmt" count="0"/>
        <line num="286" type="stmt" count="0"/>
        <line num="288" type="stmt" count="0"/>
        <line num="289" type="stmt" count="0"/>
        <line num="292" type="stmt" count="0"/>
        <line num="294" type="stmt" count="0"/>
        <line num="295" type="stmt" count="0"/>
        <line num="296" type="stmt" count="0"/>
        <line num="297" type="stmt" count="0"/>
        <line num="299" type="stmt" count="0"/>
        <line num="301" type="stmt" count="0"/>
        <line num="303" type="stmt" count="0"/>
        <line num="304" type="stmt" count="0"/>
        <line num="305" type="stmt" count="0"/>
        <line num="306" type="stmt" count="0"/>
        <line num="308" type="stmt" count="0"/>
        <line num="309" type="stmt" count="0"/>
        <line num="312" type="stmt" count="0"/>
        <line num="313" type="stmt" count="0"/>
        <line num="314" type="stmt" count="0"/>
        <line num="315" type="stmt" count="0"/>
        <line num="316" type="stmt" count="0"/>
        <line num="319" type="stmt" count="0"/>
        <line num="320" type="stmt" count="0"/>
        <line num="321" type="stmt" count="0"/>
        <line num="323" type="stmt" count="0"/>
        <line num="325" type="stmt" count="0"/>
        <line num="326" type="stmt" count="0"/>
        <line num="327" type="stmt" count="0"/>
        <line num="328" type="stmt" count="0"/>
        <line num="329" type="stmt" count="0"/>
        <line num="331" type="stmt" count="0"/>
        <line num="333" type="stmt" count="0"/>
        <line num="334" type="stmt" count="0"/>
        <line num="335" type="stmt" count="0"/>
        <line num="337" type="stmt" count="0"/>
        <line num="339" type="stmt" count="0"/>
        <line num="341" type="stmt" count="0"/>
        <line num="344" type="stmt" count="0"/>
        <line num="345" type="stmt" count="0"/>
        <line num="346" type="stmt" count="0"/>
        <line num="347" type="stmt" count="0"/>
        <line num="348" type="stmt" count="0"/>
        <line num="351" type="stmt" count="0"/>
        <line num="352" type="stmt" count="0"/>
        <line num="353" type="stmt" count="0"/>
        <line num="355" type="stmt" count="0"/>
        <line num="356" type="stmt" count="0"/>
        <line num="357" type="stmt" count="0"/>
        <line num="358" type="stmt" count="0"/>
        <line num="359" type="stmt" count="0"/>
        <line num="362" type="stmt" count="0"/>
        <line num="364" type="stmt" count="0"/>
        <line num="365" type="stmt" count="0"/>
        <line num="369" type="stmt" count="0"/>
        <line num="370" type="stmt" count="0"/>
        <line num="371" type="stmt" count="0"/>
        <line num="384" type="method" name="getPk" crap="2" count="0"/>
        <line num="386" type="stmt" count="0"/>
        <line num="400" type="method" name="getFieldName" crap="12" count="0"/>
        <line num="402" type="stmt" count="0"/>
        <line num="404" type="stmt" count="0"/>
        <line num="406" type="stmt" count="0"/>
        <line num="407" type="stmt" count="0"/>
        <line num="410" type="stmt" count="0"/>
        <line num="413" type="stmt" count="0"/>
        <line num="414" type="stmt" count="0"/>
        <line num="416" type="stmt" count="0"/>
        <line num="430" type="method" name="isPkName" crap="6" count="0"/>
        <line num="433" type="stmt" count="0"/>
        <line num="435" type="stmt" count="0"/>
        <line num="437" type="stmt" count="0"/>
        <line num="438" type="stmt" count="0"/>
        <line num="441" type="stmt" count="0"/>
        <line num="443" type="stmt" count="0"/>
        <line num="445" type="stmt" count="0"/>
        <line num="461" type="method" name="get" crap="240" count="0"/>
        <line num="463" type="stmt" count="0"/>
        <line num="464" type="stmt" count="0"/>
        <line num="467" type="stmt" count="0"/>
        <line num="469" type="stmt" count="0"/>
        <line num="470" type="stmt" count="0"/>
        <line num="474" type="stmt" count="0"/>
        <line num="475" type="stmt" count="0"/>
        <line num="477" type="stmt" count="0"/>
        <line num="478" type="stmt" count="0"/>
        <line num="479" type="stmt" count="0"/>
        <line num="480" type="stmt" count="0"/>
        <line num="482" type="stmt" count="0"/>
        <line num="484" type="stmt" count="0"/>
        <line num="486" type="stmt" count="0"/>
        <line num="487" type="stmt" count="0"/>
        <line num="488" type="stmt" count="0"/>
        <line num="490" type="stmt" count="0"/>
        <line num="491" type="stmt" count="0"/>
        <line num="494" type="stmt" count="0"/>
        <line num="495" type="stmt" count="0"/>
        <line num="498" type="stmt" count="0"/>
        <line num="499" type="stmt" count="0"/>
        <line num="500" type="stmt" count="0"/>
        <line num="502" type="stmt" count="0"/>
        <line num="503" type="stmt" count="0"/>
        <line num="506" type="stmt" count="0"/>
        <line num="507" type="stmt" count="0"/>
        <line num="511" type="stmt" count="0"/>
        <line num="514" type="stmt" count="0"/>
        <line num="515" type="stmt" count="0"/>
        <line num="516" type="stmt" count="0"/>
        <line num="518" type="stmt" count="0"/>
        <line num="519" type="stmt" count="0"/>
        <line num="522" type="stmt" count="0"/>
        <line num="523" type="stmt" count="0"/>
        <line num="525" type="stmt" count="0"/>
        <line num="526" type="stmt" count="0"/>
        <line num="527" type="stmt" count="0"/>
        <line num="530" type="stmt" count="0"/>
        <line num="531" type="stmt" count="0"/>
        <line num="536" type="stmt" count="0"/>
        <line num="537" type="stmt" count="0"/>
        <line num="538" type="stmt" count="0"/>
        <line num="539" type="stmt" count="0"/>
        <line num="540" type="stmt" count="0"/>
        <line num="541" type="stmt" count="0"/>
        <line num="543" type="stmt" count="0"/>
        <line num="546" type="stmt" count="0"/>
        <line num="561" type="method" name="create" crap="6" count="0"/>
        <line num="564" type="stmt" count="0"/>
        <line num="566" type="stmt" count="0"/>
        <line num="567" type="stmt" count="0"/>
        <line num="568" type="stmt" count="0"/>
        <line num="570" type="stmt" count="0"/>
        <line num="584" type="method" name="query" crap="1" count="1"/>
        <line num="586" type="stmt" count="1"/>
        <line num="599" type="method" name="getValidateScheme" crap="2" count="0"/>
        <line num="601" type="stmt" count="0"/>
        <line num="614" type="method" name="getFormFieldTypes" crap="2" count="0"/>
        <line num="616" type="stmt" count="0"/>
        <line num="629" type="method" name="getDataFieldTypes" crap="2" count="0"/>
        <line num="631" type="stmt" count="0"/>
        <line num="644" type="method" name="getDataSource" crap="12" count="0"/>
        <line num="646" type="stmt" count="0"/>
        <line num="647" type="stmt" count="0"/>
        <line num="649" type="stmt" count="0"/>
        <line num="650" type="stmt" count="0"/>
        <line num="653" type="stmt" count="0"/>
        <line num="668" type="method" name="getFieldNames" crap="30" count="0"/>
        <line num="670" type="stmt" count="0"/>
        <line num="672" type="stmt" count="0"/>
        <line num="674" type="stmt" count="0"/>
        <line num="675" type="stmt" count="0"/>
        <line num="678" type="stmt" count="0"/>
        <line num="679" type="stmt" count="0"/>
        <line num="681" type="stmt" count="0"/>
        <line num="682" type="stmt" count="0"/>
        <line num="685" type="stmt" count="0"/>
        <line num="686" type="stmt" count="0"/>
        <line num="687" type="stmt" count="0"/>
        <line num="690" type="stmt" count="0"/>
        <line num="691" type="stmt" count="0"/>
        <line num="693" type="stmt" count="0"/>
        <line num="709" type="method" name="getRows" crap="2" count="0"/>
        <line num="711" type="stmt" count="0"/>
        <line num="712" type="stmt" count="0"/>
        <line num="713" type="stmt" count="0"/>
        <line num="714" type="stmt" count="0"/>
        <line num="730" type="method" name="getCollection" crap="2" count="0"/>
        <line num="732" type="stmt" count="0"/>
        <line num="733" type="stmt" count="0"/>
        <line num="734" type="stmt" count="0"/>
        <line num="735" type="stmt" count="0"/>
        <line num="748" type="method" name="getEmptyCollection" crap="2" count="0"/>
        <line num="750" type="stmt" count="0"/>
        <line num="764" type="method" name="getTitle" crap="6" count="0"/>
        <line num="766" type="stmt" count="0"/>
        <line num="767" type="stmt" count="0"/>
        <line num="768" type="stmt" count="0"/>
        <line num="770" type="stmt" count="0"/>
        <line num="783" type="method" name="getTableName" crap="1" count="1"/>
        <line num="785" type="stmt" count="1"/>
        <line num="786" type="stmt" count="1"/>
        <line num="800" type="method" name="getFieldTitle" crap="2" count="0"/>
        <line num="802" type="stmt" count="0"/>
        <line num="816" type="method" name="getFieldPlaceholder" crap="2" count="0"/>
        <line num="818" type="stmt" count="0"/>
        <line num="832" type="method" name="getForm" crap="2" count="0"/>
        <line num="834" type="stmt" count="0"/>
        <line num="848" type="method" name="getData" crap="2" count="0"/>
        <line num="850" type="stmt" count="0"/>
        <line num="868" type="method" name="getModelBy" crap="2" count="0"/>
        <line num="870" type="stmt" count="0"/>
        <line num="871" type="stmt" count="0"/>
        <line num="872" type="stmt" count="0"/>
        <line num="888" type="method" name="getModel" crap="2" count="0"/>
        <line num="890" type="stmt" count="0"/>
        <line num="891" type="stmt" count="0"/>
        <line num="892" type="stmt" count="0"/>
        <line num="893" type="stmt" count="0"/>
        <line num="894" type="stmt" count="0"/>
        <line num="907" type="method" name="getPkFieldNames" crap="6" count="0"/>
        <line num="909" type="stmt" count="0"/>
        <line num="911" type="stmt" count="0"/>
        <line num="912" type="stmt" count="0"/>
        <line num="915" type="stmt" count="0"/>
        <line num="917" type="stmt" count="0"/>
        <line num="918" type="method" name="anonymous function" crap="2" count="0"/>
        <line num="919" type="stmt" count="0"/>
        <line num="920" type="stmt" count="0"/>
        <line num="921" type="stmt" count="0"/>
        <line num="922" type="stmt" count="0"/>
        <line num="923" type="stmt" count="0"/>
        <line num="940" type="method" name="getRow" crap="2" count="0"/>
        <line num="942" type="stmt" count="0"/>
        <line num="943" type="stmt" count="0"/>
        <line num="944" type="stmt" count="0"/>
        <line num="945" type="stmt" count="0"/>
        <line num="964" type="method" name="__get" crap="2" count="0"/>
        <line num="966" type="stmt" count="0"/>
        <line num="986" type="method" name="__set" crap="2" count="0"/>
        <line num="988" type="stmt" count="0"/>
        <line num="1023" type="method" name="insertOrUpdate" crap="2" count="0"/>
        <line num="1025" type="stmt" count="0"/>
        <line num="1040" type="method" name="insert" crap="2" count="0"/>
        <line num="1043" type="stmt" count="0"/>
        <line num="1045" type="stmt" count="0"/>
        <line num="1047" type="stmt" count="0"/>
        <line num="1048" type="stmt" count="0"/>
        <line num="1049" type="stmt" count="0"/>
        <line num="1051" type="stmt" count="0"/>
        <line num="1053" type="stmt" count="0"/>
        <line num="1055" type="stmt" count="0"/>
        <line num="1057" type="stmt" count="0"/>
        <line num="1068" type="method" name="beforeInsert" crap="2" count="0"/>
        <line num="1070" type="stmt" count="0"/>
        <line num="1080" type="method" name="afterInsert" crap="2" count="0"/>
        <line num="1082" type="stmt" count="0"/>
        <line num="1096" type="method" name="select" crap="6" count="0"/>
        <line num="1099" type="stmt" count="0"/>
        <line num="1101" type="stmt" count="0"/>
        <line num="1102" type="stmt" count="0"/>
        <line num="1103" type="stmt" count="0"/>
        <line num="1105" type="stmt" count="0"/>
        <line num="1106" type="stmt" count="0"/>
        <line num="1109" type="stmt" count="0"/>
        <line num="1111" type="stmt" count="0"/>
        <line num="1113" type="stmt" count="0"/>
        <line num="1127" type="method" name="getQueryBuilderBy" crap="2" count="0"/>
        <line num="1129" type="stmt" count="0"/>
        <line num="1130" type="stmt" count="0"/>
        <line num="1131" type="stmt" count="0"/>
        <line num="1146" type="method" name="update" crap="2" count="0"/>
        <line num="1149" type="stmt" count="0"/>
        <line num="1151" type="stmt" count="0"/>
        <line num="1153" type="stmt" count="0"/>
        <line num="1155" type="stmt" count="0"/>
        <line num="1157" type="stmt" count="0"/>
        <line num="1159" type="stmt" count="0"/>
        <line num="1170" type="method" name="beforeUpdate" crap="2" count="0"/>
        <line num="1172" type="stmt" count="0"/>
        <line num="1182" type="method" name="afterUpdate" crap="2" count="0"/>
        <line num="1184" type="stmt" count="0"/>
        <line num="1197" type="method" name="delete" crap="2" count="0"/>
        <line num="1200" type="stmt" count="0"/>
        <line num="1202" type="stmt" count="0"/>
        <line num="1204" type="stmt" count="0"/>
        <line num="1206" type="stmt" count="0"/>
        <line num="1208" type="stmt" count="0"/>
        <line num="1219" type="method" name="beforeDelete" crap="2" count="0"/>
        <line num="1221" type="stmt" count="0"/>
        <line num="1231" type="method" name="afterDelete" crap="2" count="0"/>
        <line num="1233" type="stmt" count="0"/>
        <line num="1245" type="method" name="getFk" crap="2" count="0"/>
        <line num="1247" type="stmt" count="0"/>
        <line num="1260" type="method" name="getJson" crap="2" count="0"/>
        <line num="1262" type="stmt" count="0"/>
        <line num="1275" type="method" name="__toString" crap="2" count="0"/>
        <line num="1277" type="stmt" count="0"/>
        <line num="1294" type="method" name="getLink" crap="12" count="0"/>
        <line num="1297" type="stmt" count="0"/>
        <line num="1299" type="stmt" count="0"/>
        <line num="1300" type="stmt" count="0"/>
        <line num="1302" type="stmt" count="0"/>
        <line num="1303" type="stmt" count="0"/>
        <line num="1305" type="stmt" count="0"/>
        <line num="1308" type="stmt" count="0"/>
        <line num="1309" type="stmt" count="0"/>
        <line num="1310" type="stmt" count="0"/>
        <line num="1311" type="stmt" count="0"/>
        <line num="1313" type="stmt" count="0"/>
        <line num="1314" type="stmt" count="0"/>
        <line num="1315" type="stmt" count="0"/>
        <line num="1316" type="stmt" count="0"/>
        <line num="1317" type="stmt" count="0"/>
        <line num="1318" type="stmt" count="0"/>
        <line num="1319" type="stmt" count="0"/>
        <line num="1322" type="method" name="createTable" crap="2" count="1"/>
        <line num="1324" type="stmt" count="1"/>
        <line num="1326" type="stmt" count="1"/>
        <line num="1327" type="stmt" count="1"/>
        <line num="1328" type="stmt" count="1"/>
        <line num="1330" type="stmt" count="1"/>
        <line num="1331" type="stmt" count="1"/>
        <metrics loc="1331" ncloc="644" classes="1" methods="49" coveredmethods="4" conditionals="0" coveredconditionals="0" statements="321" coveredstatements="16" elements="370" coveredelements="20"/>
      </file>
      <file name="/usr/home/dp/PhpstormProjects/ice/Ice/Source/Ice/Core/Model/Scheme.php">
        <class name="Model_Scheme" namespace="Ice\Core" fullPackage="Ice.Core" package="Ice" subpackage="Core">
          <metrics methods="8" coveredmethods="4" conditionals="0" coveredconditionals="0" statements="85" coveredstatements="9" elements="93" coveredelements="13"/>
        </class>
        <line num="59" type="method" name="__construct" crap="1" count="1"/>
        <line num="61" type="stmt" count="1"/>
        <line num="63" type="stmt" count="1"/>
        <line num="64" type="stmt" count="1"/>
        <line num="81" type="method" name="update" crap="240" count="0"/>
        <line num="83" type="stmt" count="0"/>
        <line num="84" type="stmt" count="0"/>
        <line num="86" type="stmt" count="0"/>
        <line num="88" type="stmt" count="0"/>
        <line num="89" type="stmt" count="0"/>
        <line num="92" type="stmt" count="0"/>
        <line num="93" type="stmt" count="0"/>
        <line num="95" type="stmt" count="0"/>
        <line num="96" type="stmt" count="0"/>
        <line num="97" type="stmt" count="0"/>
        <line num="98" type="stmt" count="0"/>
        <line num="100" type="stmt" count="0"/>
        <line num="101" type="stmt" count="0"/>
        <line num="103" type="stmt" count="0"/>
        <line num="104" type="stmt" count="0"/>
        <line num="106" type="stmt" count="0"/>
        <line num="107" type="stmt" count="0"/>
        <line num="109" type="stmt" count="0"/>
        <line num="110" type="stmt" count="0"/>
        <line num="111" type="stmt" count="0"/>
        <line num="112" type="stmt" count="0"/>
        <line num="113" type="stmt" count="0"/>
        <line num="114" type="stmt" count="0"/>
        <line num="115" type="stmt" count="0"/>
        <line num="116" type="stmt" count="0"/>
        <line num="117" type="stmt" count="0"/>
        <line num="119" type="stmt" count="0"/>
        <line num="120" type="stmt" count="0"/>
        <line num="121" type="stmt" count="0"/>
        <line num="122" type="stmt" count="0"/>
        <line num="124" type="stmt" count="0"/>
        <line num="126" type="stmt" count="0"/>
        <line num="128" type="stmt" count="0"/>
        <line num="130" type="stmt" count="0"/>
        <line num="132" type="stmt" count="0"/>
        <line num="135" type="stmt" count="0"/>
        <line num="136" type="stmt" count="0"/>
        <line num="137" type="stmt" count="0"/>
        <line num="138" type="stmt" count="0"/>
        <line num="139" type="stmt" count="0"/>
        <line num="140" type="stmt" count="0"/>
        <line num="142" type="stmt" count="0"/>
        <line num="143" type="stmt" count="0"/>
        <line num="144" type="stmt" count="0"/>
        <line num="145" type="stmt" count="0"/>
        <line num="147" type="stmt" count="0"/>
        <line num="149" type="stmt" count="0"/>
        <line num="151" type="stmt" count="0"/>
        <line num="153" type="stmt" count="0"/>
        <line num="154" type="stmt" count="0"/>
        <line num="155" type="stmt" count="0"/>
        <line num="157" type="stmt" count="0"/>
        <line num="158" type="stmt" count="0"/>
        <line num="159" type="stmt" count="0"/>
        <line num="160" type="stmt" count="0"/>
        <line num="162" type="stmt" count="0"/>
        <line num="163" type="stmt" count="0"/>
        <line num="165" type="stmt" count="0"/>
        <line num="166" type="stmt" count="0"/>
        <line num="168" type="stmt" count="0"/>
        <line num="170" type="stmt" count="0"/>
        <line num="172" type="stmt" count="0"/>
        <line num="174" type="stmt" count="0"/>
        <line num="189" type="method" name="diff" crap="2" count="0"/>
        <line num="191" type="stmt" count="0"/>
        <line num="192" type="stmt" count="0"/>
        <line num="193" type="stmt" count="0"/>
        <line num="194" type="stmt" count="0"/>
        <line num="209" type="method" name="create" crap="1" count="1"/>
        <line num="211" type="stmt" count="1"/>
        <line num="226" type="method" name="getFilePathData" crap="2.98" count="1"/>
        <line num="228" type="stmt" count="1"/>
        <line num="230" type="stmt" count="1"/>
        <line num="231" type="stmt" count="1"/>
        <line num="235" type="stmt" count="0"/>
        <line num="236" type="stmt" count="0"/>
        <line num="237" type="stmt" count="0"/>
        <line num="238" type="stmt" count="0"/>
        <line num="240" type="stmt" count="0"/>
        <line num="253" type="method" name="getColumnNames" crap="1" count="1"/>
        <line num="255" type="stmt" count="1"/>
        <line num="268" type="method" name="getScheme" crap="1" count="1"/>
        <line num="270" type="stmt" count="1"/>
        <line num="283" type="method" name="getIndexes" crap="6" count="0"/>
        <line num="285" type="stmt" count="0"/>
        <line num="286" type="stmt" count="0"/>
        <line num="287" type="stmt" count="0"/>
        <line num="289" type="stmt" count="0"/>
        <metrics loc="290" ncloc="170" classes="1" methods="8" coveredmethods="4" conditionals="0" coveredconditionals="0" statements="85" coveredstatements="9" elements="93" coveredelements="13"/>
      </file>
      <file name="/usr/home/dp/PhpstormProjects/ice/Ice/Source/Ice/Core/Module.php">
        <class name="Module" namespace="Ice\Core" fullPackage="Ice.Core" package="Ice" subpackage="Core">
          <metrics methods="10" coveredmethods="1" conditionals="0" coveredconditionals="0" statements="39" coveredstatements="2" elements="49" coveredelements="3"/>
        </class>
        <line num="81" type="method" name="__construct" crap="2" count="0"/>
        <line num="83" type="stmt" count="0"/>
        <line num="84" type="stmt" count="0"/>
        <line num="85" type="stmt" count="0"/>
        <line num="99" type="method" name="create" crap="2" count="0"/>
        <line num="101" type="stmt" count="0"/>
        <line num="115" type="method" name="get" crap="12" count="0"/>
        <line num="117" type="stmt" count="0"/>
        <line num="118" type="stmt" count="0"/>
        <line num="119" type="stmt" count="0"/>
        <line num="121" type="stmt" count="0"/>
        <line num="122" type="stmt" count="0"/>
        <line num="123" type="stmt" count="0"/>
        <line num="125" type="stmt" count="0"/>
        <line num="126" type="stmt" count="0"/>
        <line num="128" type="stmt" count="0"/>
        <line num="143" type="method" name="loadConfig" crap="20" count="0"/>
        <line num="145" type="stmt" count="0"/>
        <line num="147" type="stmt" count="0"/>
        <line num="149" type="stmt" count="0"/>
        <line num="150" type="stmt" count="0"/>
        <line num="153" type="stmt" count="0"/>
        <line num="154" type="stmt" count="0"/>
        <line num="156" type="stmt" count="0"/>
        <line num="157" type="stmt" count="0"/>
        <line num="158" type="stmt" count="0"/>
        <line num="159" type="stmt" count="0"/>
        <line num="162" type="stmt" count="0"/>
        <line num="164" type="stmt" count="0"/>
        <line num="165" type="stmt" count="0"/>
        <line num="166" type="stmt" count="0"/>
        <line num="167" type="stmt" count="0"/>
        <line num="179" type="method" name="getAliases" crap="6" count="0"/>
        <line num="181" type="stmt" count="0"/>
        <line num="182" type="stmt" count="0"/>
        <line num="183" type="stmt" count="0"/>
        <line num="196" type="method" name="getPathes" crap="3" count="2"/>
        <line num="198" type="stmt" count="2"/>
        <line num="199" type="stmt" count="2"/>
        <line num="200" type="method" name="anonymous function" crap="6" count="0"/>
        <line num="201" type="stmt" count="0"/>
        <line num="202" type="stmt" count="0"/>
        <line num="203" type="stmt" count="2"/>
        <line num="216" type="method" name="getPath" crap="6" count="0"/>
        <line num="218" type="stmt" count="0"/>
        <line num="231" type="method" name="getAlias" crap="2" count="0"/>
        <line num="233" type="stmt" count="0"/>
        <line num="246" type="method" name="getDefaultKey" crap="2" count="0"/>
        <line num="248" type="stmt" count="0"/>
        <line num="249" type="stmt" count="0"/>
        <metrics loc="250" ncloc="107" classes="1" methods="10" coveredmethods="1" conditionals="0" coveredconditionals="0" statements="40" coveredstatements="3" elements="50" coveredelements="4"/>
      </file>
      <file name="/usr/home/dp/PhpstormProjects/ice/Ice/Source/Ice/Core/Query.php">
        <class name="Query" namespace="Ice\Core" fullPackage="Ice.Core" package="Ice" subpackage="Core">
          <metrics methods="14" coveredmethods="7" conditionals="0" coveredconditionals="0" statements="41" coveredstatements="27" elements="55" coveredelements="34"/>
        </class>
        <line num="117" type="method" name="__construct" crap="2" count="1"/>
        <line num="119" type="stmt" count="1"/>
        <line num="120" type="stmt" count="1"/>
        <line num="121" type="stmt" count="1"/>
        <line num="122" type="stmt" count="1"/>
        <line num="123" type="stmt" count="1"/>
        <line num="124" type="stmt" count="1"/>
        <line num="125" type="stmt" count="1"/>
        <line num="126" type="stmt" count="1"/>
        <line num="127" type="stmt" count="1"/>
        <line num="128" type="stmt" count="1"/>
        <line num="129" type="stmt" count="1"/>
        <line num="143" type="method" name="create" crap="1" count="1"/>
        <line num="145" type="stmt" count="1"/>
        <line num="158" type="method" name="getLimit" crap="2" count="0"/>
        <line num="160" type="stmt" count="0"/>
        <line num="173" type="method" name="isCalcFoundRows" crap="2" count="0"/>
        <line num="175" type="stmt" count="0"/>
        <line num="188" type="method" name="getDataSource" crap="1" count="1"/>
        <line num="190" type="stmt" count="1"/>
        <line num="204" type="method" name="bind" crap="2.26" count="1"/>
        <line num="206" type="stmt" count="1"/>
        <line num="208" type="stmt" count="1"/>
        <line num="209" type="stmt" count="0"/>
        <line num="210" type="stmt" count="0"/>
        <line num="212" type="stmt" count="1"/>
        <line num="225" type="method" name="getQueryType" crap="1" count="1"/>
        <line num="227" type="stmt" count="1"/>
        <line num="240" type="method" name="getBinds" crap="4.77" count="1"/>
        <line num="242" type="stmt" count="1"/>
        <line num="244" type="stmt" count="1"/>
        <line num="245" type="stmt" count="1"/>
        <line num="246" type="stmt" count="1"/>
        <line num="247" type="stmt" count="1"/>
        <line num="250" type="stmt" count="0"/>
        <line num="251" type="stmt" count="0"/>
        <line num="252" type="stmt" count="0"/>
        <line num="253" type="stmt" count="0"/>
        <line num="254" type="stmt" count="1"/>
        <line num="256" type="stmt" count="1"/>
        <line num="269" type="method" name="getBindParts" crap="1" count="1"/>
        <line num="271" type="stmt" count="1"/>
        <line num="284" type="method" name="getSql" crap="1" count="1"/>
        <line num="286" type="stmt" count="1"/>
        <line num="299" type="method" name="getModelClass" crap="1" count="1"/>
        <line num="301" type="stmt" count="1"/>
        <line num="314" type="method" name="getValidateTags" crap="2" count="0"/>
        <line num="316" type="stmt" count="0"/>
        <line num="329" type="method" name="getInvalidateTags" crap="2" count="0"/>
        <line num="331" type="stmt" count="0"/>
        <line num="344" type="method" name="getFullHash" crap="6" count="0"/>
        <line num="346" type="stmt" count="0"/>
        <line num="347" type="stmt" count="0"/>
        <line num="348" type="stmt" count="0"/>
        <line num="350" type="stmt" count="0"/>
        <metrics loc="351" ncloc="133" classes="1" methods="14" coveredmethods="7" conditionals="0" coveredconditionals="0" statements="41" coveredstatements="27" elements="55" coveredelements="34"/>
      </file>
      <file name="/usr/home/dp/PhpstormProjects/ice/Ice/Source/Ice/Core/Query/Builder.php">
        <class name="Query_Builder" namespace="Ice\Core" fullPackage="Ice.Core" package="Ice" subpackage="Core">
          <metrics methods="44" coveredmethods="6" conditionals="0" coveredconditionals="0" statements="364" coveredstatements="20" elements="408" coveredelements="26"/>
        </class>
        <line num="151" type="method" name="__construct" crap="2" count="1"/>
        <line num="153" type="stmt" count="1"/>
        <line num="155" type="stmt" count="1"/>
        <line num="156" type="stmt" count="1"/>
        <line num="157" type="stmt" count="1"/>
        <line num="159" type="stmt" count="1"/>
        <line num="160" type="stmt" count="1"/>
        <line num="174" type="method" name="getInstance" crap="1" count="1"/>
        <line num="176" type="stmt" count="1"/>
        <line num="193" type="method" name="notNull" crap="2" count="0"/>
        <line num="195" type="stmt" count="0"/>
        <line num="196" type="stmt" count="0"/>
        <line num="197" type="stmt" count="0"/>
        <line num="198" type="stmt" count="0"/>
        <line num="199" type="stmt" count="0"/>
        <line num="200" type="stmt" count="0"/>
        <line num="202" type="stmt" count="0"/>
        <line num="236" type="method" name="where" crap="30" count="0"/>
        <line num="242" type="stmt" count="0"/>
        <line num="243" type="stmt" count="0"/>
        <line num="244" type="stmt" count="0"/>
        <line num="246" type="stmt" count="0"/>
        <line num="247" type="stmt" count="0"/>
        <line num="248" type="stmt" count="0"/>
        <line num="249" type="stmt" count="0"/>
        <line num="250" type="stmt" count="0"/>
        <line num="252" type="stmt" count="0"/>
        <line num="254" type="stmt" count="0"/>
        <line num="256" type="stmt" count="0"/>
        <line num="257" type="stmt" count="0"/>
        <line num="258" type="stmt" count="0"/>
        <line num="259" type="stmt" count="0"/>
        <line num="260" type="stmt" count="0"/>
        <line num="261" type="stmt" count="0"/>
        <line num="264" type="stmt" count="0"/>
        <line num="266" type="stmt" count="0"/>
        <line num="268" type="stmt" count="0"/>
        <line num="281" type="method" name="getModelClass" crap="1" count="1"/>
        <line num="283" type="stmt" count="1"/>
        <line num="296" type="method" name="getTableAlias" crap="2" count="0"/>
        <line num="298" type="stmt" count="0"/>
        <line num="314" type="method" name="appendCacheTag" crap="30" count="0"/>
        <line num="316" type="stmt" count="0"/>
        <line num="318" type="stmt" count="0"/>
        <line num="319" type="stmt" count="0"/>
        <line num="320" type="stmt" count="0"/>
        <line num="321" type="stmt" count="0"/>
        <line num="322" type="stmt" count="0"/>
        <line num="323" type="stmt" count="0"/>
        <line num="324" type="stmt" count="0"/>
        <line num="325" type="stmt" count="0"/>
        <line num="326" type="stmt" count="0"/>
        <line num="327" type="stmt" count="0"/>
        <line num="328" type="stmt" count="0"/>
        <line num="344" type="method" name="isNull" crap="2" count="0"/>
        <line num="346" type="stmt" count="0"/>
        <line num="347" type="stmt" count="0"/>
        <line num="348" type="stmt" count="0"/>
        <line num="349" type="stmt" count="0"/>
        <line num="350" type="stmt" count="0"/>
        <line num="351" type="stmt" count="0"/>
        <line num="353" type="stmt" count="0"/>
        <line num="371" type="method" name="pk" crap="20" count="0"/>
        <line num="373" type="stmt" count="0"/>
        <line num="374" type="stmt" count="0"/>
        <line num="377" type="stmt" count="0"/>
        <line num="378" type="stmt" count="0"/>
        <line num="379" type="stmt" count="0"/>
        <line num="380" type="stmt" count="0"/>
        <line num="382" type="stmt" count="0"/>
        <line num="383" type="stmt" count="0"/>
        <line num="384" type="stmt" count="0"/>
        <line num="386" type="stmt" count="0"/>
        <line num="402" type="method" name="eq" crap="20" count="0"/>
        <line num="404" type="stmt" count="0"/>
        <line num="405" type="stmt" count="0"/>
        <line num="406" type="stmt" count="0"/>
        <line num="409" type="stmt" count="0"/>
        <line num="410" type="stmt" count="0"/>
        <line num="411" type="stmt" count="0"/>
[...]
      <line num="1757" type="stmt" count="0"/>
      <line num="1760" type="stmt" count="0"/>
      <line num="1762" type="stmt" count="0"/>
      <line num="1764" type="stmt" count="0"/>
      <line num="1765" type="stmt" count="0"/>
      <line num="1766" type="stmt" count="0"/>
      <line num="1768" type="stmt" count="0"/>
      <line num="1770" type="stmt" count="0"/>
      <line num="1772" type="stmt" count="0"/>
      <line num="1773" type="stmt" count="0"/>
      <line num="1775" type="stmt" count="0"/>
      <line num="1777" type="stmt" count="0"/>
      <line num="1778" type="stmt" count="0"/>
      <line num="1779" type="stmt" count="0"/>
      <line num="1781" type="stmt" count="0"/>
      <line num="1783" type="stmt" count="0"/>
      <line num="1784" type="stmt" count="0"/>
      <line num="1785" type="stmt" count="0"/>
      <line num="1787" type="stmt" count="0"/>
      <line num="1789" type="stmt" count="0"/>
      <line num="1791" type="stmt" count="0"/>
      <line num="1792" type="stmt" count="0"/>
      <line num="1793" type="stmt" count="0"/>
      <line num="1805" type="method" name="json_name_value" crap="30" count="0"/>
      <line num="1812" type="stmt" count="0"/>
      <line num="1813" type="stmt" count="0"/>
      <line num="1814" type="stmt" count="0"/>
      <line num="1815" type="stmt" count="0"/>
      <line num="1817" type="stmt" count="0"/>
      <line num="1819" type="stmt" count="0"/>
      <line num="1820" type="stmt" count="0"/>
      <line num="1823" type="stmt" count="0"/>
      <line num="1829" type="method" name="setProcessorUrl" crap="2" count="0"/>
      <line num="1831" type="stmt" count="0"/>
      <line num="1832" type="stmt" count="0"/>
      <line num="1837" type="method" name="setRendererUrl" crap="2" count="0"/>
      <line num="1839" type="stmt" count="0"/>
      <line num="1840" type="stmt" count="0"/>
      <metrics loc="1841" ncloc="1132" classes="1" methods="49" coveredmethods="0" conditionals="0" coveredconditionals="0" statements="710" coveredstatements="0" elements="759" coveredelements="0"/>
    </file>
    <file name="/usr/home/dp/PhpstormProjects/ice/_vendor/firephp/firephp-core/lib/FirePHPCore/fb.php">
      <class name="FB" namespace="global">
        <metrics methods="16" coveredmethods="0" conditionals="0" coveredconditionals="0" statements="21" coveredstatements="0" elements="37" coveredelements="0"/>
      </class>
      <line num="56" type="stmt" count="0"/>
      <line num="58" type="stmt" count="0"/>
      <line num="59" type="stmt" count="0"/>
      <line num="71" type="method" name="setLogToInsightConsole" crap="2" count="0"/>
      <line num="73" type="stmt" count="0"/>
      <line num="74" type="stmt" count="0"/>
      <line num="83" type="method" name="setEnabled" crap="2" count="0"/>
      <line num="85" type="stmt" count="0"/>
      <line num="86" type="stmt" count="0"/>
      <line num="94" type="method" name="getEnabled" crap="2" count="0"/>
      <line num="96" type="stmt" count="0"/>
      <line num="109" type="method" name="setObjectFilter" crap="2" count="0"/>
      <line num="111" type="stmt" count="0"/>
      <line num="112" type="stmt" count="0"/>
      <line num="121" type="method" name="setOptions" crap="2" count="0"/>
      <line num="123" type="stmt" count="0"/>
      <line num="124" type="stmt" count="0"/>
      <line num="132" type="method" name="getOptions" crap="2" count="0"/>
      <line num="134" type="stmt" count="0"/>
      <line num="145" type="method" name="send" crap="2" count="0"/>
      <line num="147" type="stmt" count="0"/>
      <line num="148" type="stmt" count="0"/>
      <line num="162" type="method" name="group" crap="2" count="0"/>
      <line num="164" type="stmt" count="0"/>
      <line num="173" type="method" name="groupEnd" crap="2" count="0"/>
      <line num="175" type="stmt" count="0"/>
      <line num="187" type="method" name="log" crap="2" count="0"/>
      <line num="189" type="stmt" count="0"/>
      <line num="201" type="method" name="info" crap="2" count="0"/>
      <line num="203" type="stmt" count="0"/>
      <line num="215" type="method" name="warn" crap="2" count="0"/>
      <line num="217" type="stmt" count="0"/>
      <line num="229" type="method" name="error" crap="2" count="0"/>
      <line num="231" type="stmt" count="0"/>
      <line num="243" type="method" name="dump" crap="2" count="0"/>
      <line num="245" type="stmt" count="0"/>
      <line num="256" type="method" name="trace" crap="2" count="0"/>
      <line num="258" type="stmt" count="0"/>
      <line num="270" type="method" name="table" crap="2" count="0"/>
      <line num="272" type="stmt" count="0"/>
      <metrics loc="275" ncloc="96" classes="1" methods="16" coveredmethods="0" conditionals="0" coveredconditionals="0" statements="24" coveredstatements="0" elements="40" coveredelements="0"/>
    </file>
    <package name="SebastianBergmann\GlobalState">
      <file name="/usr/home/dp/PhpstormProjects/ice/_vendor/sebastian/global-state/src/Blacklist.php">
        <class name="Blacklist" namespace="SebastianBergmann\GlobalState">
          <metrics methods="8" coveredmethods="1" conditionals="0" coveredconditionals="0" statements="34" coveredstatements="1" elements="42" coveredelements="2"/>
        </class>
        <line num="90" type="method" name="addGlobalVariable" crap="2" count="0"/>
        <line num="92" type="stmt" count="0"/>
        <line num="93" type="stmt" count="0"/>
        <line num="98" type="method" name="addClass" crap="2" count="0"/>
        <line num="100" type="stmt" count="0"/>
        <line num="101" type="stmt" count="0"/>
        <line num="106" type="method" name="addSubclassesOf" crap="2" count="0"/>
        <line num="108" type="stmt" count="0"/>
        <line num="109" type="stmt" count="0"/>
        <line num="114" type="method" name="addImplementorsOf" crap="2" count="0"/>
        <line num="116" type="stmt" count="0"/>
        <line num="117" type="stmt" count="0"/>
        <line num="122" type="method" name="addClassNamePrefix" crap="2" count="0"/>
        <line num="124" type="stmt" count="0"/>
        <line num="125" type="stmt" count="0"/>
        <line num="131" type="method" name="addStaticAttribute" crap="6" count="0"/>
        <line num="133" type="stmt" count="0"/>
        <line num="134" type="stmt" count="0"/>
        <line num="135" type="stmt" count="0"/>
        <line num="137" type="stmt" count="0"/>
        <line num="138" type="stmt" count="0"/>
        <line num="144" type="method" name="isGlobalVariableBlacklisted" crap="1" count="2"/>
        <line num="146" type="stmt" count="2"/>
        <line num="154" type="method" name="isStaticAttributeBlacklisted" crap="90" count="0"/>
        <line num="156" type="stmt" count="0"/>
        <line num="157" type="stmt" count="0"/>
        <line num="160" type="stmt" count="0"/>
        <line num="161" type="stmt" count="0"/>
        <line num="162" type="stmt" count="0"/>
        <line num="164" type="stmt" count="0"/>
        <line num="166" type="stmt" count="0"/>
        <line num="168" type="stmt" count="0"/>
        <line num="169" type="stmt" count="0"/>
        <line num="170" type="stmt" count="0"/>
        <line num="172" type="stmt" count="0"/>
        <line num="174" type="stmt" count="0"/>
        <line num="175" type="stmt" count="0"/>
        <line num="176" type="stmt" count="0"/>
        <line num="178" type="stmt" count="0"/>
        <line num="180" type="stmt" count="0"/>
        <line num="181" type="stmt" count="0"/>
        <line num="184" type="stmt" count="0"/>
        <metrics loc="186" ncloc="92" classes="1" methods="8" coveredmethods="1" conditionals="0" coveredconditionals="0" statements="34" coveredstatements="1" elements="42" coveredelements="2"/>
      </file>
      <file name="/usr/home/dp/PhpstormProjects/ice/_vendor/sebastian/global-state/src/Restorer.php">
        <class name="Restorer" namespace="SebastianBergmann\GlobalState">
          <metrics methods="4" coveredmethods="0" conditionals="0" coveredconditionals="0" statements="49" coveredstatements="32" elements="53" coveredelements="32"/>
        </class>
        <line num="64" type="method" name="restoreFunctions" crap="12" count="0"/>
        <line num="66" type="stmt" count="0"/>
        <line num="67" type="stmt" count="0"/>
        <line num="70" type="stmt" count="0"/>
        <line num="72" type="stmt" count="0"/>
        <line num="73" type="stmt" count="0"/>
        <line num="74" type="stmt" count="0"/>
        <line num="75" type="stmt" count="0"/>
        <line num="82" type="method" name="restoreGlobalVariables" crap="7.01" count="2"/>
        <line num="84" type="stmt" count="2"/>
        <line num="86" type="stmt" count="2"/>
        <line num="87" type="stmt" count="2"/>
        <line num="88" type="stmt" count="2"/>
        <line num="90" type="stmt" count="2"/>
        <line num="92" type="stmt" count="2"/>
        <line num="93" type="stmt" count="2"/>
        <line num="94" type="stmt" count="2"/>
        <line num="95" type="stmt" count="2"/>
        <line num="96" type="stmt" count="2"/>
        <line num="97" type="stmt" count="2"/>
        <line num="98" type="stmt" count="2"/>
        <line num="99" type="stmt" count="0"/>
        <line num="101" type="stmt" count="2"/>
        <line num="102" type="stmt" count="2"/>
        <line num="103" type="stmt" count="2"/>
        <line num="110" type="method" name="restoreStaticAttributes" crap="12" count="0"/>
        <line num="112" type="stmt" count="0"/>
        <line num="113" type="stmt" count="0"/>
        <line num="114" type="stmt" count="0"/>
        <line num="115" type="stmt" count="0"/>
        <line num="116" type="stmt" count="0"/>
        <line num="117" type="stmt" count="0"/>
        <line num="118" type="stmt" count="0"/>
        <line num="119" type="stmt" count="0"/>
        <line num="127" type="method" name="restoreSuperGlobalArray" crap="6.01" count="2"/>
        <line num="129" type="stmt" count="2"/>
        <line num="131" type="stmt" count="2"/>
        <line num="132" type="stmt" count="2"/>
        <line num="133" type="stmt" count="2"/>
        <line num="134" type="stmt" count="2"/>
        <line num="135" type="stmt" count="2"/>
        <line num="136" type="stmt" count="2"/>
        <line num="137" type="stmt" count="2"/>
        <line num="138" type="stmt" count="2"/>
        <line num="139" type="stmt" count="2"/>
        <line num="141" type="stmt" count="2"/>
        <line num="142" type="stmt" count="2"/>
        <line num="143" type="stmt" count="2"/>
        <line num="144" type="stmt" count="2"/>
        <line num="145" type="stmt" count="0"/>
        <line num="147" type="stmt" count="2"/>
        <line num="148" type="stmt" count="2"/>
        <line num="149" type="stmt" count="2"/>
        <metrics loc="150" ncloc="79" classes="1" methods="4" coveredmethods="0" conditionals="0" coveredconditionals="0" statements="49" coveredstatements="32" elements="53" coveredelements="32"/>
      </file>
      <file name="/usr/home/dp/PhpstormProjects/ice/_vendor/sebastian/global-state/src/Snapshot.php">
        <class name="Snapshot" namespace="SebastianBergmann\GlobalState">
          <metrics methods="22" coveredmethods="7" conditionals="0" coveredconditionals="0" statements="130" coveredstatements="52" elements="152" coveredelements="59"/>
        </class>
        <line num="132" type="method" name="__construct" crap="28.41" count="2"/>
        <line num="134" type="stmt" count="2"/>
        <line num="135" type="stmt" count="0"/>
        <line num="136" type="stmt" count="0"/>
        <line num="138" type="stmt" count="2"/>
        <line num="140" type="stmt" count="2"/>
        <line num="141" type="stmt" count="0"/>
        <line num="142" type="stmt" count="0"/>
        <line num="144" type="stmt" count="2"/>
        <line num="145" type="stmt" count="0"/>
        <line num="146" type="stmt" count="0"/>
        <line num="148" type="stmt" count="2"/>
        <line num="149" type="stmt" count="0"/>
        <line num="150" type="stmt" count="0"/>
        <line num="152" type="stmt" count="2"/>
        <line num="153" type="stmt" count="0"/>
        <line num="154" type="stmt" count="0"/>
        <line num="156" type="stmt" count="2"/>
        <line num="157" type="stmt" count="2"/>
        <line num="158" type="stmt" count="2"/>
        <line num="159" type="stmt" count="2"/>
        <line num="161" type="stmt" count="2"/>
        <line num="162" type="stmt" count="0"/>
        <line num="163" type="stmt" count="0"/>
        <line num="165" type="stmt" count="2"/>
        <line num="166" type="stmt" count="0"/>
        <line num="167" type="stmt" count="0"/>
        <line num="169" type="stmt" count="2"/>
        <line num="170" type="stmt" count="0"/>
        <line num="171" type="stmt" count="0"/>
        <line num="173" type="stmt" count="2"/>
        <line num="174" type="stmt" count="2"/>
        <line num="175" type="stmt" count="2"/>
        <line num="176" type="stmt" count="2"/>
        <line num="181" type="method" name="blacklist" crap="1" count="2"/>
        <line num="183" type="stmt" count="2"/>
        <line num="189" type="method" name="globalVariables" crap="1" count="2"/>
        <line num="191" type="stmt" count="2"/>
        <line num="197" type="method" name="superGlobalVariables" crap="1" count="2"/>
        <line num="199" type="stmt" count="2"/>
        <line num="207" type="method" name="superGlobalArrays" crap="1" count="2"/>
        <line num="209" type="stmt" count="2"/>
        <line num="215" type="method" name="staticAttributes" crap="2" count="0"/>
        <line num="217" type="stmt" count="0"/>
        <line num="223" type="method" name="iniSettings" crap="2" count="0"/>
        <line num="225" type="stmt" count="0"/>
        <line num="231" type="method" name="includedFiles" crap="2" count="0"/>
        <line num="233" type="stmt" count="0"/>
        <line num="239" type="method" name="constants" crap="2" count="0"/>
        <line num="241" type="stmt" count="0"/>
        <line num="247" type="method" name="functions" crap="2" count="0"/>
        <line num="249" type="stmt" count="0"/>
        <line num="255" type="method" name="interfaces" crap="2" count="0"/>
        <line num="257" type="stmt" count="0"/>
        <line num="263" type="method" name="classes" crap="2" count="0"/>
        <line num="265" type="stmt" count="0"/>
        <line num="271" type="method" name="traits" crap="2" count="0"/>
        <line num="273" type="stmt" count="0"/>
        <line num="279" type="method" name="snapshotConstants" crap="6" count="0"/>
        <line num="281" type="stmt" count="0"/>
        <line num="283" type="stmt" count="0"/>
        <line num="284" type="stmt" count="0"/>
        <line num="285" type="stmt" count="0"/>
        <line num="286" type="stmt" count="0"/>
        <line num="291" type="method" name="snapshotFunctions" crap="2" count="0"/>
        <line num="293" type="stmt" count="0"/>
        <line num="295" type="stmt" count="0"/>
        <line num="296" type="stmt" count="0"/>
        <line num="301" type="method" name="snapshotClasses" crap="12" count="0"/>
        <line num="303" type="stmt" count="0"/>
        <line num="304" type="stmt" count="0"/>
        <line num="306" type="stmt" count="0"/>
        <line num="307" type="stmt" count="0"/>
        <line num="310" type="stmt" count="0"/>
        <line num="311" type="stmt" count="0"/>
        <line num="313" type="stmt" count="0"/>
        <line num="314" type="stmt" count="0"/>
        <line num="319" type="method" name="snapshotInterfaces" crap="12" count="0"/>
        <line num="321" type="stmt" count="0"/>
        <line num="322" type="stmt" count="0"/>
        <line num="324" type="stmt" count="0"/>
        <line num="325" type="stmt" count="0"/>
        <line num="328" type="stmt" count="0"/>
        <line num="329" type="stmt" count="0"/>
        <line num="331" type="stmt" count="0"/>
        <line num="332" type="stmt" count="0"/>
        <line num="337" type="method" name="snapshotGlobals" crap="7" count="2"/>
        <line num="339" type="stmt" count="2"/>
        <line num="341" type="stmt" count="2"/>
        <line num="342" type="stmt" count="2"/>
        <line num="343" type="stmt" count="2"/>
        <line num="345" type="stmt" count="2"/>
        <line num="346" type="stmt" count="2"/>
        <line num="347" type="stmt" count="2"/>
        <line num="348" type="stmt" count="2"/>
        <line num="349" type="stmt" count="2"/>
        <line num="350" type="stmt" count="2"/>
        <line num="351" type="stmt" count="2"/>
        <line num="352" type="stmt" count="2"/>
        <line num="353" type="stmt" count="2"/>
        <line num="360" type="method" name="snapshotSuperGlobalArray" crap="4" count="2"/>
        <line num="362" type="stmt" count="2"/>
        <line num="364" type="stmt" count="2"/>
        <line num="365" type="stmt" count="2"/>
        <line num="366" type="stmt" count="2"/>
        <line num="367" type="stmt" count="2"/>
        <line num="368" type="stmt" count="2"/>
        <line num="369" type="stmt" count="2"/>
        <line num="374" type="method" name="snapshotStaticAttributes" crap="56" count="0"/>
        <line num="376" type="stmt" count="0"/>
        <line num="377" type="stmt" count="0"/>
        <line num="378" type="stmt" count="0"/>
        <line num="380" type="stmt" count="0"/>
        <line num="381" type="stmt" count="0"/>
        <line num="382" type="stmt" count="0"/>
        <line num="384" type="stmt" count="0"/>
        <line num="385" type="stmt" count="0"/>
        <line num="388" type="stmt" count="0"/>
        <line num="389" type="stmt" count="0"/>
        <line num="391" type="stmt" count="0"/>
        <line num="392" type="stmt" count="0"/>
        <line num="393" type="stmt" count="0"/>
        <line num="394" type="stmt" count="0"/>
        <line num="395" type="stmt" count="0"/>
        <line num="397" type="stmt" count="0"/>
        <line num="398" type="stmt" count="0"/>
        <line num="399" type="stmt" count="0"/>
        <line num="400" type="stmt" count="0"/>
        <line num="401" type="stmt" count="0"/>
        <line num="408" type="method" name="setupSuperGlobalArrays" crap="2.50" count="2"/>
        <line num="410" type="stmt" count="2"/>
        <line num="411" type="stmt" count="2"/>
        <line num="412" type="stmt" count="2"/>
        <line num="413" type="stmt" count="2"/>
        <line num="414" type="stmt" count="2"/>
        <line num="415" type="stmt" count="2"/>
        <line num="416" type="stmt" count="2"/>
        <line num="418" type="stmt" count="2"/>
        <line num="420" type="stmt" count="2"/>
        <line num="421" type="stmt" count="0"/>
        <line num="422" type="stmt" count="0"/>
        <line num="424" type="stmt" count="0"/>
        <line num="425" type="stmt" count="0"/>
        <line num="426" type="stmt" count="0"/>
        <line num="427" type="stmt" count="0"/>
        <line num="428" type="stmt" count="0"/>
        <line num="430" type="stmt" count="0"/>
        <line num="431" type="stmt" count="0"/>
        <line num="432" type="stmt" count="0"/>
        <line num="433" type="stmt" count="2"/>
        <line num="440" type="method" name="canBeSerialized" crap="1" count="2"/>
        <line num="441" type="stmt" count="2"/>
        <metrics loc="443" ncloc="274" classes="1" methods="22" coveredmethods="7" conditionals="0" coveredconditionals="0" statements="130" coveredstatements="52" elements="152" coveredelements="59"/>
      </file>
    </package>
    <metrics files="40" loc="13994" ncloc="7192" classes="37" methods="466" coveredmethods="83" conditionals="0" coveredconditionals="0" statements="3540" coveredstatements="755" elements="4006" coveredelements="838"/>
  </project>
</coverage>
