<?xml version="1.0" encoding="UTF-8"?>
<coverage generated="1422453221">
  <project timestamp="1422453221">
    <file name="/home/dp/PhpstormProjects/ifs/Ice/Config/Ice/Core/Action.php">
      <line num="7" type="stmt" count="2"/>
      <line num="8" type="stmt" count="2"/>
      <line num="9" type="stmt" count="2"/>
      <line num="10" type="stmt" count="2"/>
      <line num="12" type="stmt" count="2"/>
      <line num="13" type="stmt" count="2"/>
      <line num="16" type="stmt" count="2"/>
      <line num="17" type="stmt" count="2"/>
      <line num="18" type="stmt" count="2"/>
      <line num="19" type="stmt" count="2"/>
      <line num="21" type="stmt" count="2"/>
      <line num="24" type="stmt" count="2"/>
      <line num="25" type="stmt" count="2"/>
      <line num="26" type="stmt" count="2"/>
      <line num="27" type="stmt" count="2"/>
      <line num="28" type="stmt" count="2"/>
      <line num="32" type="stmt" count="0"/>
      <line num="34" type="stmt" count="0"/>
      <line num="35" type="stmt" count="0"/>
      <line num="38" type="stmt" count="0"/>
      <line num="40" type="stmt" count="0"/>
      <line num="41" type="stmt" count="0"/>
      <line num="42" type="stmt" count="0"/>
      <line num="43" type="stmt" count="0"/>
      <line num="45" type="stmt" count="2"/>
      <line num="46" type="stmt" count="2"/>
      <line num="50" type="stmt" count="0"/>
      <line num="52" type="stmt" count="0"/>
      <line num="53" type="stmt" count="0"/>
      <line num="56" type="stmt" count="0"/>
      <line num="57" type="stmt" count="0"/>
      <line num="58" type="stmt" count="0"/>
      <line num="59" type="stmt" count="2"/>
      <line num="61" type="stmt" count="0"/>
      <line num="63" type="stmt" count="0"/>
      <line num="64" type="stmt" count="0"/>
      <line num="67" type="stmt" count="0"/>
      <line num="68" type="stmt" count="0"/>
      <line num="69" type="stmt" count="0"/>
      <line num="70" type="stmt" count="2"/>
      <line num="72" type="stmt" count="0"/>
      <line num="74" type="stmt" count="0"/>
      <line num="75" type="stmt" count="0"/>
      <line num="78" type="stmt" count="0"/>
      <line num="79" type="stmt" count="0"/>
      <line num="80" type="stmt" count="0"/>
      <line num="81" type="stmt" count="2"/>
      <line num="83" type="stmt" count="0"/>
      <line num="85" type="stmt" count="0"/>
      <line num="86" type="stmt" count="0"/>
      <line num="89" type="stmt" count="0"/>
      <line num="90" type="stmt" count="0"/>
      <line num="91" type="stmt" count="0"/>
      <line num="92" type="stmt" count="2"/>
      <line num="94" type="stmt" count="0"/>
      <line num="96" type="stmt" count="0"/>
      <line num="97" type="stmt" count="0"/>
      <line num="100" type="stmt" count="0"/>
      <line num="101" type="stmt" count="0"/>
      <line num="102" type="stmt" count="0"/>
      <line num="103" type="stmt" count="2"/>
      <line num="105" type="stmt" count="0"/>
      <line num="107" type="stmt" count="0"/>
      <line num="108" type="stmt" count="0"/>
      <line num="111" type="stmt" count="0"/>
      <line num="112" type="stmt" count="0"/>
      <line num="113" type="stmt" count="0"/>
      <line num="114" type="stmt" count="2"/>
      <line num="116" type="stmt" count="0"/>
      <line num="118" type="stmt" count="0"/>
      <line num="119" type="stmt" count="0"/>
      <line num="122" type="stmt" count="0"/>
      <line num="123" type="stmt" count="0"/>
      <line num="124" type="stmt" count="0"/>
      <line num="126" type="stmt" count="2"/>
      <line num="127" type="stmt" count="2"/>
      <line num="128" type="stmt" count="2"/>
      <metrics loc="127" ncloc="127" classes="0" methods="0" coveredmethods="0" conditionals="0" coveredconditionals="0" statements="76" coveredstatements="26" elements="76" coveredelements="26"/>
    </file>
    <file name="/home/dp/PhpstormProjects/ifs/Ice/Config/Ice/Core/Route.php">
      <line num="5" type="stmt" count="1"/>
      <line num="9" type="stmt" count="1"/>
      <line num="11" type="stmt" count="1"/>
      <line num="12" type="stmt" count="1"/>
      <line num="13" type="stmt" count="1"/>
      <line num="14" type="stmt" count="1"/>
      <line num="16" type="stmt" count="1"/>
      <line num="19" type="stmt" count="1"/>
      <line num="22" type="stmt" count="1"/>
      <line num="23" type="stmt" count="1"/>
      <line num="24" type="stmt" count="1"/>
      <line num="25" type="stmt" count="1"/>
      <line num="27" type="stmt" count="1"/>
      <line num="32" type="stmt" count="1"/>
      <line num="33" type="stmt" count="1"/>
      <line num="34" type="stmt" count="1"/>
      <line num="35" type="stmt" count="1"/>
      <line num="36" type="stmt" count="1"/>
      <line num="37" type="stmt" count="1"/>
      <metrics loc="36" ncloc="36" classes="0" methods="0" coveredmethods="0" conditionals="0" coveredconditionals="0" statements="18" coveredstatements="18" elements="18" coveredelements="18"/>
    </file>
    <file name="/home/dp/PhpstormProjects/ifs/Ice/Config/Ice/Core/Route/Security.php">
      <line num="5" type="stmt" count="1"/>
      <line num="9" type="stmt" count="1"/>
      <line num="11" type="stmt" count="1"/>
      <line num="12" type="stmt" count="1"/>
      <line num="13" type="stmt" count="1"/>
      <line num="14" type="stmt" count="1"/>
      <line num="16" type="stmt" count="1"/>
      <line num="20" type="stmt" count="1"/>
      <line num="22" type="stmt" count="1"/>
      <line num="23" type="stmt" count="1"/>
      <line num="24" type="stmt" count="1"/>
      <line num="25" type="stmt" count="1"/>
      <line num="27" type="stmt" count="1"/>
      <line num="31" type="stmt" count="1"/>
      <line num="33" type="stmt" count="1"/>
      <line num="34" type="stmt" count="1"/>
      <line num="35" type="stmt" count="1"/>
      <line num="36" type="stmt" count="1"/>
      <line num="37" type="stmt" count="1"/>
      <metrics loc="36" ncloc="36" classes="0" methods="0" coveredmethods="0" conditionals="0" coveredconditionals="0" statements="18" coveredstatements="18" elements="18" coveredelements="18"/>
    </file>
    <file name="/home/dp/PhpstormProjects/ifs/Ice/Config/Ice/Model/Test.php">
      <line num="4" type="stmt" count="1"/>
      <line num="5" type="stmt" count="1"/>
      <line num="6" type="stmt" count="1"/>
      <line num="7" type="stmt" count="1"/>
      <line num="9" type="stmt" count="1"/>
      <line num="10" type="stmt" count="1"/>
      <line num="12" type="stmt" count="1"/>
      <line num="13" type="stmt" count="1"/>
      <line num="14" type="stmt" count="1"/>
      <line num="16" type="stmt" count="1"/>
      <line num="17" type="stmt" count="1"/>
      <line num="18" type="stmt" count="1"/>
      <line num="19" type="stmt" count="1"/>
      <line num="21" type="stmt" count="1"/>
      <line num="22" type="stmt" count="1"/>
      <line num="23" type="stmt" count="1"/>
      <line num="24" type="stmt" count="1"/>
      <line num="25" type="stmt" count="1"/>
      <metrics loc="24" ncloc="24" classes="0" methods="0" coveredmethods="0" conditionals="0" coveredconditionals="0" statements="17" coveredstatements="17" elements="17" coveredelements="17"/>
    </file>
    <file name="/home/dp/PhpstormProjects/ifs/Ice/Config/Ice/Model/User.php">
      <line num="4" type="stmt" count="1"/>
      <line num="5" type="stmt" count="1"/>
      <line num="6" type="stmt" count="1"/>
      <line num="7" type="stmt" count="1"/>
      <line num="8" type="stmt" count="1"/>
      <line num="9" type="stmt" count="1"/>
      <line num="10" type="stmt" count="1"/>
      <line num="11" type="stmt" count="1"/>
      <line num="12" type="stmt" count="1"/>
      <line num="14" type="stmt" count="1"/>
      <line num="15" type="stmt" count="1"/>
      <line num="16" type="stmt" count="1"/>
      <line num="17" type="stmt" count="1"/>
      <line num="18" type="stmt" count="1"/>
      <line num="19" type="stmt" count="1"/>
      <line num="21" type="stmt" count="1"/>
      <line num="22" type="stmt" count="1"/>
      <line num="23" type="stmt" count="1"/>
      <line num="24" type="stmt" count="1"/>
      <line num="26" type="stmt" count="1"/>
      <line num="27" type="stmt" count="1"/>
      <line num="28" type="stmt" count="1"/>
      <line num="29" type="stmt" count="1"/>
      <line num="30" type="stmt" count="1"/>
      <line num="31" type="stmt" count="1"/>
      <line num="32" type="stmt" count="1"/>
      <line num="33" type="stmt" count="1"/>
      <line num="34" type="stmt" count="1"/>
      <line num="36" type="stmt" count="1"/>
      <line num="37" type="stmt" count="1"/>
      <line num="38" type="stmt" count="1"/>
      <line num="39" type="stmt" count="1"/>
      <line num="40" type="stmt" count="1"/>
      <line num="41" type="stmt" count="1"/>
      <line num="42" type="stmt" count="1"/>
      <line num="43" type="stmt" count="1"/>
      <line num="44" type="stmt" count="1"/>
      <line num="45" type="stmt" count="1"/>
      <metrics loc="44" ncloc="44" classes="0" methods="0" coveredmethods="0" conditionals="0" coveredconditionals="0" statements="37" coveredstatements="37" elements="37" coveredelements="37"/>
    </file>
    <file name="/home/dp/PhpstormProjects/ifs/Ice/Resource/Ice/Action/Front.tpl.php">
      <metrics loc="0" ncloc="0" classes="0" methods="0" coveredmethods="0" conditionals="0" coveredconditionals="0" statements="0" coveredstatements="0" elements="0" coveredelements="0"/>
    </file>
    <file name="/home/dp/PhpstormProjects/ifs/Ice/Resource/Ice/Action/Layout/Test.tpl.php">
      <metrics loc="1" ncloc="1" classes="0" methods="0" coveredmethods="0" conditionals="0" coveredconditionals="0" statements="0" coveredstatements="0" elements="0" coveredelements="0"/>
    </file>
    <file name="/home/dp/PhpstormProjects/ifs/Ice/Resource/Ice/Action/Module/Create.res.php">
      <line num="4" type="stmt" count="1"/>
      <line num="5" type="stmt" count="1"/>
      <line num="7" type="stmt" count="1"/>
      <line num="8" type="stmt" count="1"/>
      <line num="10" type="stmt" count="1"/>
      <line num="11" type="stmt" count="1"/>
      <line num="13" type="stmt" count="1"/>
      <line num="14" type="stmt" count="1"/>
      <line num="16" type="stmt" count="1"/>
      <line num="17" type="stmt" count="1"/>
      <line num="19" type="stmt" count="1"/>
      <line num="20" type="stmt" count="1"/>
      <line num="22" type="stmt" count="1"/>
      <line num="23" type="stmt" count="1"/>
      <line num="25" type="stmt" count="1"/>
      <line num="26" type="stmt" count="1"/>
      <line num="28" type="stmt" count="1"/>
      <line num="29" type="stmt" count="1"/>
      <line num="31" type="stmt" count="1"/>
      <line num="32" type="stmt" count="1"/>
      <line num="34" type="stmt" count="1"/>
      <line num="35" type="stmt" count="1"/>
      <line num="37" type="stmt" count="1"/>
      <line num="38" type="stmt" count="1"/>
      <line num="40" type="stmt" count="1"/>
      <line num="41" type="stmt" count="1"/>
      <line num="43" type="stmt" count="1"/>
      <line num="44" type="stmt" count="1"/>
      <line num="46" type="stmt" count="1"/>
      <line num="47" type="stmt" count="1"/>
      <line num="49" type="stmt" count="1"/>
      <line num="50" type="stmt" count="1"/>
      <line num="52" type="stmt" count="1"/>
      <line num="53" type="stmt" count="1"/>
      <line num="55" type="stmt" count="1"/>
      <line num="56" type="stmt" count="1"/>
      <line num="58" type="stmt" count="1"/>
      <line num="59" type="stmt" count="1"/>
      <line num="61" type="stmt" count="1"/>
      <line num="62" type="stmt" count="1"/>
      <line num="64" type="stmt" count="1"/>
      <line num="65" type="stmt" count="1"/>
      <line num="67" type="stmt" count="1"/>
      <line num="68" type="stmt" count="1"/>
      <line num="70" type="stmt" count="1"/>
      <line num="71" type="stmt" count="1"/>
      <line num="73" type="stmt" count="1"/>
      <line num="74" type="stmt" count="1"/>
      <line num="76" type="stmt" count="1"/>
      <line num="77" type="stmt" count="1"/>
      <line num="79" type="stmt" count="1"/>
      <line num="80" type="stmt" count="1"/>
      <line num="82" type="stmt" count="1"/>
      <line num="83" type="stmt" count="1"/>
      <line num="85" type="stmt" count="1"/>
      <line num="86" type="stmt" count="1"/>
      <line num="88" type="stmt" count="1"/>
      <line num="89" type="stmt" count="1"/>
      <line num="91" type="stmt" count="1"/>
      <line num="92" type="stmt" count="1"/>
      <line num="94" type="stmt" count="1"/>
      <line num="95" type="stmt" count="1"/>
      <line num="97" type="stmt" count="1"/>
      <line num="98" type="stmt" count="1"/>
      <line num="99" type="stmt" count="1"/>
      <metrics loc="98" ncloc="98" classes="0" methods="0" coveredmethods="0" conditionals="0" coveredconditionals="0" statements="64" coveredstatements="64" elements="64" coveredelements="64"/>
    </file>
    <file name="/home/dp/PhpstormProjects/ifs/Ice/Resource/Ice/Action/Test.tpl.php">
      <metrics loc="11" ncloc="11" classes="0" methods="0" coveredmethods="0" conditionals="0" coveredconditionals="0" statements="0" coveredstatements="0" elements="0" coveredelements="0"/>
    </file>
    <file name="/home/dp/PhpstormProjects/ifs/Ice/Resource/Ice/Action/Test/Php.tpl.php">
      <metrics loc="3" ncloc="3" classes="0" methods="0" coveredmethods="0" conditionals="0" coveredconditionals="0" statements="0" coveredstatements="0" elements="0" coveredelements="0"/>
    </file>
    <file name="/home/dp/PhpstormProjects/ifs/Ice/Resource/Ice/Core/Action.res.php">
      <line num="4" type="stmt" count="1"/>
      <line num="5" type="stmt" count="1"/>
      <line num="7" type="stmt" count="1"/>
      <line num="8" type="stmt" count="1"/>
      <line num="10" type="stmt" count="1"/>
      <line num="11" type="stmt" count="1"/>
      <line num="13" type="stmt" count="1"/>
      <line num="14" type="stmt" count="1"/>
      <line num="16" type="stmt" count="1"/>
      <line num="17" type="stmt" count="1"/>
      <line num="19" type="stmt" count="1"/>
      <line num="20" type="stmt" count="1"/>
      <line num="21" type="stmt" count="1"/>
      <metrics loc="20" ncloc="20" classes="0" methods="0" coveredmethods="0" conditionals="0" coveredconditionals="0" statements="12" coveredstatements="12" elements="12" coveredelements="12"/>
    </file>
    <file name="/home/dp/PhpstormProjects/ifs/Ice/Resource/Ice/Data/Provider/Cli.res.php">
      <line num="4" type="stmt" count="1"/>
      <line num="5" type="stmt" count="1"/>
      <line num="6" type="stmt" count="1"/>
      <metrics loc="5" ncloc="5" classes="0" methods="0" coveredmethods="0" conditionals="0" coveredconditionals="0" statements="2" coveredstatements="2" elements="2" coveredelements="2"/>
    </file>
    <package name="Ice\Action">
      <file name="/home/dp/PhpstormProjects/ifs/Ice/Source/Ice/Action/Front.php">
        <class name="Front" namespace="Ice\Action" fullPackage="Ice.Action" package="Ice" subpackage="Action">
          <metrics methods="1" coveredmethods="0" conditionals="0" coveredconditionals="0" statements="12" coveredstatements="10" elements="13" coveredelements="10"/>
        </class>
        <line num="68" type="method" name="run" crap="2.02" count="1"/>
        <line num="70" type="stmt" count="1"/>
        <line num="72" type="stmt" count="1"/>
        <line num="74" type="stmt" count="1"/>
        <line num="75" type="stmt" count="0"/>
        <line num="76" type="stmt" count="0"/>
        <line num="79" type="stmt" count="1"/>
        <line num="80" type="stmt" count="1"/>
        <line num="81" type="stmt" count="1"/>
        <line num="83" type="stmt" count="1"/>
        <line num="85" type="stmt" count="1"/>
        <line num="86" type="stmt" count="1"/>
        <line num="87" type="stmt" count="1"/>
        <metrics loc="87" ncloc="39" classes="1" methods="1" coveredmethods="0" conditionals="0" coveredconditionals="0" statements="12" coveredstatements="10" elements="13" coveredelements="10"/>
      </file>
      <file name="/home/dp/PhpstormProjects/ifs/Ice/Source/Ice/Action/Front/Cli.php">
        <class name="Front_Cli" namespace="Ice\Action" fullPackage="Ice.Action" package="Ice" subpackage="Action">
          <metrics methods="2" coveredmethods="1" conditionals="0" coveredconditionals="0" statements="10" coveredstatements="8" elements="12" coveredelements="9"/>
        </class>
        <line num="66" type="method" name="run" crap="1" count="1"/>
        <line num="68" type="stmt" count="1"/>
        <line num="70" type="stmt" count="1"/>
        <line num="71" type="stmt" count="1"/>
        <line num="86" type="method" name="flush" crap="2.09" count="1"/>
        <line num="88" type="stmt" count="1"/>
        <line num="90" type="stmt" count="1"/>
        <line num="92" type="stmt" count="1"/>
        <line num="93" type="stmt" count="0"/>
        <line num="94" type="stmt" count="0"/>
        <line num="96" type="stmt" count="1"/>
        <line num="98" type="stmt" count="1"/>
        <metrics loc="99" ncloc="38" classes="1" methods="2" coveredmethods="1" conditionals="0" coveredconditionals="0" statements="10" coveredstatements="8" elements="12" coveredelements="9"/>
      </file>
      <file name="/home/dp/PhpstormProjects/ifs/Ice/Source/Ice/Action/Layout.php">
        <class name="Layout" namespace="Ice\Action" fullPackage="Ice.Action" package="Ice" subpackage="Action">
          <metrics methods="1" coveredmethods="1" conditionals="0" coveredconditionals="0" statements="4" coveredstatements="4" elements="5" coveredelements="5"/>
        </class>
        <line num="63" type="method" name="run" crap="2" count="1"/>
        <line num="65" type="stmt" count="1"/>
        <line num="66" type="stmt" count="1"/>
        <line num="67" type="stmt" count="1"/>
        <line num="69" type="stmt" count="1"/>
        <metrics loc="70" ncloc="22" classes="1" methods="1" coveredmethods="1" conditionals="0" coveredconditionals="0" statements="4" coveredstatements="4" elements="5" coveredelements="5"/>
      </file>
      <file name="/home/dp/PhpstormProjects/ifs/Ice/Source/Ice/Action/Layout/Test.php">
        <class name="Layout_Test" namespace="Ice\Action" fullPackage="Ice.Action" package="Ice" subpackage="Action">
          <metrics methods="0" coveredmethods="0" conditionals="0" coveredconditionals="0" statements="0" coveredstatements="0" elements="0" coveredelements="0"/>
        </class>
        <metrics loc="23" ncloc="7" classes="1" methods="0" coveredmethods="0" conditionals="0" coveredconditionals="0" statements="0" coveredstatements="0" elements="0" coveredelements="0"/>
      </file>
      <file name="/home/dp/PhpstormProjects/ifs/Ice/Source/Ice/Action/Module/Create.php">
        <class name="Module_Create" namespace="Ice\Action" fullPackage="Ice.Action" package="Ice" subpackage="Action">
          <metrics methods="1" coveredmethods="0" conditionals="0" coveredconditionals="0" statements="145" coveredstatements="6" elements="146" coveredelements="6"/>
        </class>
        <line num="69" type="method" name="run" crap="37.71" count="1"/>
        <line num="71" type="stmt" count="1"/>
        <line num="72" type="stmt" count="1"/>
        <line num="74" type="stmt" count="1"/>
        <line num="75" type="stmt" count="1"/>
        <line num="76" type="stmt" count="1"/>
        <line num="77" type="stmt" count="1"/>
        <line num="82" type="stmt" count="0"/>
        <line num="83" type="stmt" count="0"/>
        <line num="84" type="stmt" count="0"/>
        <line num="85" type="stmt" count="0"/>
        <line num="87" type="stmt" count="0"/>
        <line num="88" type="stmt" count="0"/>
        <line num="91" type="stmt" count="0"/>
        <line num="93" type="stmt" count="0"/>
        <line num="94" type="stmt" count="0"/>
        <line num="95" type="stmt" count="0"/>
        <line num="96" type="stmt" count="0"/>
        <line num="97" type="stmt" count="0"/>
        <line num="99" type="stmt" count="0"/>
        <line num="100" type="stmt" count="0"/>
        <line num="101" type="stmt" count="0"/>
        <line num="102" type="stmt" count="0"/>
        <line num="104" type="stmt" count="0"/>
        <line num="105" type="stmt" count="0"/>
        <line num="107" type="stmt" count="0"/>
        <line num="108" type="stmt" count="0"/>
        <line num="109" type="stmt" count="0"/>
        <line num="111" type="stmt" count="0"/>
        <line num="112" type="stmt" count="0"/>
        <line num="115" type="stmt" count="0"/>
        <line num="117" type="stmt" count="0"/>
        <line num="118" type="stmt" count="0"/>
        <line num="119" type="stmt" count="0"/>
        <line num="120" type="stmt" count="0"/>
        <line num="122" type="stmt" count="0"/>
        <line num="123" type="stmt" count="0"/>
        <line num="124" type="stmt" count="0"/>
        <line num="125" type="stmt" count="0"/>
        <line num="127" type="stmt" count="0"/>
        <line num="128" type="stmt" count="0"/>
        <line num="131" type="stmt" count="0"/>
        <line num="133" type="stmt" count="0"/>
        <line num="134" type="stmt" count="0"/>
        <line num="135" type="stmt" count="0"/>
        <line num="136" type="stmt" count="0"/>
        <line num="137" type="stmt" count="0"/>
        <line num="142" type="stmt" count="0"/>
        <line num="144" type="stmt" count="0"/>
        <line num="146" type="stmt" count="0"/>
        <line num="147" type="stmt" count="0"/>
        <line num="149" type="stmt" count="0"/>
        <line num="150" type="stmt" count="0"/>
        <line num="151" type="stmt" count="0"/>
        <line num="153" type="stmt" count="0"/>
        <line num="154" type="stmt" count="0"/>
        <line num="155" type="stmt" count="0"/>
        <line num="158" type="stmt" count="0"/>
        <line num="159" type="stmt" count="0"/>
        <line num="160" type="stmt" count="0"/>
        <line num="161" type="stmt" count="0"/>
        <line num="162" type="stmt" count="0"/>
        <line num="163" type="stmt" count="0"/>
        <line num="170" type="stmt" count="0"/>
        <line num="171" type="stmt" count="0"/>
        <line num="173" type="stmt" count="0"/>
        <line num="174" type="stmt" count="0"/>
        <line num="175" type="stmt" count="0"/>
        <line num="176" type="stmt" count="0"/>
        <line num="177" type="stmt" count="0"/>
        <line num="186" type="stmt" count="0"/>
        <line num="187" type="stmt" count="0"/>
        <line num="188" type="stmt" count="0"/>
        <line num="190" type="stmt" count="0"/>
        <line num="192" type="stmt" count="0"/>
        <line num="193" type="stmt" count="0"/>
        <line num="194" type="stmt" count="0"/>
        <line num="196" type="stmt" count="0"/>
        <line num="198" type="stmt" count="0"/>
        <line num="201" type="stmt" count="0"/>
        <line num="202" type="stmt" count="0"/>
        <line num="203" type="stmt" count="0"/>
        <line num="204" type="stmt" count="0"/>
        <line num="206" type="stmt" count="0"/>
        <line num="210" type="stmt" count="0"/>
        <line num="211" type="stmt" count="0"/>
        <line num="212" type="stmt" count="0"/>
        <line num="213" type="stmt" count="0"/>
        <line num="214" type="stmt" count="0"/>
        <line num="215" type="stmt" count="0"/>
        <line num="218" type="stmt" count="0"/>
        <line num="219" type="stmt" count="0"/>
        <line num="220" type="stmt" count="0"/>
        <line num="221" type="stmt" count="0"/>
        <line num="222" type="stmt" count="0"/>
        <line num="223" type="stmt" count="0"/>
        <line num="224" type="stmt" count="0"/>
        <line num="226" type="stmt" count="0"/>
        <line num="227" type="stmt" count="0"/>
        <line num="228" type="stmt" count="0"/>
        <line num="229" type="stmt" count="0"/>
        <line num="232" type="stmt" count="0"/>
        <line num="233" type="stmt" count="0"/>
        <line num="237" type="stmt" count="0"/>
        <line num="239" type="stmt" count="0"/>
        <line num="240" type="stmt" count="0"/>
        <line num="241" type="stmt" count="0"/>
        <line num="243" type="stmt" count="0"/>
        <line num="244" type="stmt" count="0"/>
        <line num="245" type="stmt" count="0"/>
        <line num="248" type="stmt" count="0"/>
        <line num="250" type="stmt" count="0"/>
        <line num="251" type="stmt" count="0"/>
        <line num="252" type="stmt" count="0"/>
        <line num="253" type="stmt" count="0"/>
        <line num="254" type="stmt" count="0"/>
        <line num="255" type="stmt" count="0"/>
        <line num="256" type="stmt" count="0"/>
        <line num="257" type="stmt" count="0"/>
        <line num="260" type="stmt" count="0"/>
        <line num="262" type="stmt" count="0"/>
        <line num="263" type="stmt" count="0"/>
        <line num="264" type="stmt" count="0"/>
        <line num="266" type="stmt" count="0"/>
        <line num="268" type="stmt" count="0"/>
        <line num="270" type="stmt" count="0"/>
        <line num="272" type="stmt" count="0"/>
        <line num="274" type="stmt" count="0"/>
        <line num="275" type="stmt" count="0"/>
        <line num="276" type="stmt" count="0"/>
        <line num="277" type="stmt" count="0"/>
        <line num="278" type="stmt" count="0"/>
        <line num="280" type="stmt" count="0"/>
        <line num="282" type="stmt" count="0"/>
        <line num="283" type="stmt" count="0"/>
        <line num="284" type="stmt" count="0"/>
        <line num="287" type="stmt" count="0"/>
        <line num="288" type="stmt" count="0"/>
        <line num="290" type="stmt" count="0"/>
        <line num="291" type="stmt" count="0"/>
        <line num="292" type="stmt" count="0"/>
        <line num="293" type="stmt" count="0"/>
        <line num="294" type="stmt" count="0"/>
        <line num="296" type="stmt" count="0"/>
        <line num="298" type="stmt" count="0"/>
        <line num="300" type="stmt" count="0"/>
        <metrics loc="301" ncloc="249" classes="1" methods="1" coveredmethods="0" conditionals="0" coveredconditionals="0" statements="145" coveredstatements="6" elements="146" coveredelements="6"/>
      </file>
      <file name="/home/dp/PhpstormProjects/ifs/Ice/Source/Ice/Action/Test.php">
        <class name="Test" namespace="Ice\Action">
          <metrics methods="1" coveredmethods="1" conditionals="0" coveredconditionals="0" statements="2" coveredstatements="2" elements="3" coveredelements="3"/>
        </class>
        <line num="60" type="method" name="run" crap="1" count="1"/>
        <line num="63" type="stmt" count="1"/>
        <line num="64" type="stmt" count="1"/>
        <metrics loc="65" ncloc="34" classes="1" methods="1" coveredmethods="1" conditionals="0" coveredconditionals="0" statements="2" coveredstatements="2" elements="3" coveredelements="3"/>
      </file>
      <file name="/home/dp/PhpstormProjects/ifs/Ice/Source/Ice/Action/Test/NoView.php">
        <class name="Test_NoView" namespace="Ice\Action" fullPackage="Test">
          <metrics methods="1" coveredmethods="1" conditionals="0" coveredconditionals="0" statements="1" coveredstatements="1" elements="2" coveredelements="2"/>
        </class>
        <line num="41" type="method" name="run" crap="1" count="1"/>
        <line num="43" type="stmt" count="1"/>
        <metrics loc="43" ncloc="18" classes="1" methods="1" coveredmethods="1" conditionals="0" coveredconditionals="0" statements="1" coveredstatements="1" elements="2" coveredelements="2"/>
      </file>
      <file name="/home/dp/PhpstormProjects/ifs/Ice/Source/Ice/Action/Test/Php.php">
        <class name="Test_Php" namespace="Ice\Action" fullPackage="Test">
          <metrics methods="1" coveredmethods="1" conditionals="0" coveredconditionals="0" statements="2" coveredstatements="2" elements="3" coveredelements="3"/>
        </class>
        <line num="39" type="method" name="run" crap="1" count="1"/>
        <line num="42" type="stmt" count="1"/>
        <line num="44" type="stmt" count="1"/>
        <metrics loc="45" ncloc="20" classes="1" methods="1" coveredmethods="1" conditionals="0" coveredconditionals="0" statements="2" coveredstatements="2" elements="3" coveredelements="3"/>
      </file>
      <file name="/home/dp/PhpstormProjects/ifs/Ice/Source/Ice/Action/Test/Smarty.php">
        <class name="Test_Smarty" namespace="Ice\Action" fullPackage="Test">
          <metrics methods="1" coveredmethods="1" conditionals="0" coveredconditionals="0" statements="2" coveredstatements="2" elements="3" coveredelements="3"/>
        </class>
        <line num="40" type="method" name="run" crap="1" count="1"/>
        <line num="43" type="stmt" count="1"/>
        <line num="45" type="stmt" count="1"/>
        <metrics loc="46" ncloc="21" classes="1" methods="1" coveredmethods="1" conditionals="0" coveredconditionals="0" statements="2" coveredstatements="2" elements="3" coveredelements="3"/>
      </file>
      <file name="/home/dp/PhpstormProjects/ifs/Ice/Source/Ice/Action/Test/Twig.php">
        <class name="Test_Twig" namespace="Ice\Action" fullPackage="Test">
          <metrics methods="1" coveredmethods="1" conditionals="0" coveredconditionals="0" statements="2" coveredstatements="2" elements="3" coveredelements="3"/>
        </class>
        <line num="39" type="method" name="run" crap="1" count="1"/>
        <line num="42" type="stmt" count="1"/>
        <line num="44" type="stmt" count="1"/>
        <metrics loc="45" ncloc="20" classes="1" methods="1" coveredmethods="1" conditionals="0" coveredconditionals="0" statements="2" coveredstatements="2" elements="3" coveredelements="3"/>
      </file>
    </package>
    <package name="Ice">
      <file name="/home/dp/PhpstormProjects/ifs/Ice/Source/Ice/Bootstrap.php">
        <class name="Bootstrap" namespace="Ice" fullPackage="Ice" package="Ice">
          <metrics methods="1" coveredmethods="0" conditionals="0" coveredconditionals="0" statements="33" coveredstatements="0" elements="34" coveredelements="0"/>
        </class>
        <line num="42" type="method" name="init" crap="30" count="0"/>
        <line num="44" type="stmt" count="0"/>
        <line num="46" type="stmt" count="0"/>
        <line num="48" type="stmt" count="0"/>
        <line num="50" type="stmt" count="0"/>
        <line num="51" type="stmt" count="0"/>
        <line num="53" type="stmt" count="0"/>
        <line num="55" type="stmt" count="0"/>
        <line num="56" type="stmt" count="0"/>
        <line num="57" type="stmt" count="0"/>
        <line num="58" type="stmt" count="0"/>
        <line num="59" type="stmt" count="0"/>
        <line num="60" type="stmt" count="0"/>
        <line num="61" type="stmt" count="0"/>
        <line num="63" type="stmt" count="0"/>
        <line num="64" type="stmt" count="0"/>
        <line num="66" type="stmt" count="0"/>
        <line num="69" type="stmt" count="0"/>
        <line num="71" type="stmt" count="0"/>
        <line num="73" type="stmt" count="0"/>
        <line num="75" type="stmt" count="0"/>
        <line num="76" type="stmt" count="0"/>
        <line num="78" type="stmt" count="0"/>
        <line num="80" type="stmt" count="0"/>
        <line num="81" type="stmt" count="0"/>
        <line num="84" type="stmt" count="0"/>
        <line num="85" type="stmt" count="0"/>
        <line num="86" type="stmt" count="0"/>
        <line num="87" type="stmt" count="0"/>
        <line num="88" type="stmt" count="0"/>
        <line num="91" type="stmt" count="0"/>
        <line num="92" type="stmt" count="0"/>
        <line num="93" type="stmt" count="0"/>
        <line num="94" type="stmt" count="0"/>
        <metrics loc="94" ncloc="67" classes="1" methods="1" coveredmethods="0" conditionals="0" coveredconditionals="0" statements="33" coveredstatements="0" elements="34" coveredelements="0"/>
      </file>
      <file name="/home/dp/PhpstormProjects/ifs/Ice/Source/Ice/Core.php">
        <class name="Core" namespace="Ice" fullPackage="Ice" package="Ice">
          <metrics methods="13" coveredmethods="9" conditionals="0" coveredconditionals="0" statements="19" coveredstatements="14" elements="32" coveredelements="23"/>
        </class>
        <line num="47" type="method" name="getShortName" crap="2" count="0"/>
        <line num="49" type="stmt" count="0"/>
        <line num="63" type="method" name="getClass" crap="2" count="7"/>
        <line num="65" type="stmt" count="7"/>
        <line num="66" type="stmt" count="7"/>
        <line num="67" type="stmt" count="7"/>
        <line num="82" type="method" name="getModuleAlias" crap="1" count="7"/>
        <line num="84" type="stmt" count="7"/>
        <line num="97" type="method" name="getResource" crap="1" count="2"/>
        <line num="99" type="stmt" count="2"/>
        <line num="115" type="method" name="getConfig" crap="1" count="7"/>
        <line num="117" type="stmt" count="7"/>
        <line num="131" type="method" name="getDataProvider" crap="2" count="7"/>
        <line num="133" type="stmt" count="7"/>
        <line num="134" type="stmt" count="6"/>
        <line num="135" type="stmt" count="6"/>
        <line num="137" type="stmt" count="7"/>
        <line num="150" type="method" name="getClassName" crap="1" count="7"/>
        <line num="152" type="stmt" count="7"/>
        <line num="165" type="method" name="getCodeGenerator" crap="2" count="0"/>
        <line num="167" type="stmt" count="0"/>
        <line num="180" type="method" name="getNamespace" crap="2" count="0"/>
        <line num="182" type="stmt" count="0"/>
        <line num="195" type="method" name="getBaseClass" crap="1" count="7"/>
        <line num="197" type="stmt" count="7"/>
        <line num="210" type="method" name="getLogger" crap="1" count="6"/>
        <line num="212" type="stmt" count="6"/>
        <line num="225" type="method" name="getDefaultKey" crap="2" count="0"/>
        <line num="227" type="stmt" count="0"/>
        <line num="228" type="stmt" count="0"/>
        <line num="241" type="method" name="getRegistry" crap="1" count="4"/>
        <line num="243" type="stmt" count="4"/>
        <metrics loc="244" ncloc="88" classes="1" methods="13" coveredmethods="9" conditionals="0" coveredconditionals="0" statements="19" coveredstatements="14" elements="32" coveredelements="23"/>
      </file>
    </package>
    <package name="Ice\Core">
      <file name="/home/dp/PhpstormProjects/ifs/Ice/Source/Ice/Core/Action.php">
        <class name="Action" namespace="Ice\Core" fullPackage="Ice.Core" package="Ice" subpackage="Core">
          <metrics methods="9" coveredmethods="6" conditionals="0" coveredconditionals="0" statements="104" coveredstatements="76" elements="113" coveredelements="82"/>
        </class>
        <line num="75" type="method" name="__construct" crap="1" count="2"/>
        <line num="77" type="stmt" count="2"/>
        <line num="91" type="method" name="create" crap="1" count="2"/>
        <line num="93" type="stmt" count="2"/>
        <line num="106" type="method" name="getDefaultKey" crap="2" count="0"/>
        <line num="108" type="stmt" count="0"/>
        <line num="125" type="method" name="call" crap="39.76" count="2"/>
        <line num="128" type="stmt" count="2"/>
        <line num="130" type="stmt" count="2"/>
        <line num="131" type="stmt" count="2"/>
        <line num="132" type="stmt" count="2"/>
        <line num="134" type="stmt" count="2"/>
        <line num="137" type="stmt" count="2"/>
        <line num="139" type="stmt" count="2"/>
        <line num="141" type="stmt" count="2"/>
        <line num="142" type="stmt" count="2"/>
        <line num="143" type="stmt" count="2"/>
        <line num="145" type="stmt" count="2"/>
        <line num="146" type="stmt" count="2"/>
        <line num="148" type="stmt" count="2"/>
        <line num="150" type="stmt" count="2"/>
        <line num="151" type="stmt" count="2"/>
        <line num="153" type="stmt" count="2"/>
        <line num="154" type="stmt" count="0"/>
        <line num="156" type="stmt" count="0"/>
        <line num="157" type="stmt" count="0"/>
        <line num="159" type="stmt" count="0"/>
        <line num="161" type="stmt" count="2"/>
        <line num="163" type="stmt" count="2"/>
        <line num="165" type="stmt" count="2"/>
        <line num="166" type="stmt" count="0"/>
        <line num="167" type="stmt" count="0"/>
        <line num="170" type="stmt" count="2"/>
        <line num="171" type="stmt" count="2"/>
        <line num="172" type="stmt" count="1"/>
        <line num="173" type="stmt" count="1"/>
        <line num="175" type="stmt" count="2"/>
        <line num="178" type="stmt" count="2"/>
        <line num="180" type="stmt" count="2"/>
        <line num="182" type="stmt" count="2"/>
        <line num="183" type="stmt" count="2"/>
        <line num="186" type="stmt" count="2"/>
        <line num="187" type="stmt" count="2"/>
        <line num="188" type="stmt" count="0"/>
        <line num="189" type="stmt" count="0"/>
        <line num="190" type="stmt" count="0"/>
        <line num="191" type="stmt" count="0"/>
        <line num="192" type="stmt" count="0"/>
        <line num="193" type="stmt" count="0"/>
        <line num="194" type="stmt" count="0"/>
        <line num="197" type="stmt" count="2"/>
        <line num="198" type="stmt" count="1"/>
        <line num="199" type="stmt" count="1"/>
        <line num="200" type="stmt" count="2"/>
        <line num="203" type="stmt" count="2"/>
        <line num="204" type="stmt" count="2"/>
        <line num="205" type="stmt" count="2"/>
        <line num="207" type="stmt" count="2"/>
        <line num="209" type="stmt" count="2"/>
        <line num="211" type="stmt" count="2"/>
        <line num="212" type="stmt" count="2"/>
        <line num="213" type="stmt" count="0"/>
        <line num="214" type="stmt" count="0"/>
        <line num="216" type="stmt" count="2"/>
        <line num="217" type="stmt" count="2"/>
        <line num="218" type="stmt" count="2"/>
        <line num="219" type="stmt" count="2"/>
        <line num="221" type="stmt" count="2"/>
        <line num="222" type="stmt" count="0"/>
        <line num="223" type="stmt" count="0"/>
        <line num="225" type="stmt" count="2"/>
        <line num="227" type="stmt" count="2"/>
        <line num="228" type="stmt" count="0"/>
        <line num="229" type="stmt" count="0"/>
        <line num="231" type="stmt" count="2"/>
        <line num="232" type="stmt" count="2"/>
        <line num="233" type="stmt" count="2"/>
        <line num="236" type="stmt" count="2"/>
        <line num="237" type="stmt" count="0"/>
        <line num="238" type="stmt" count="1"/>
        <line num="239" type="stmt" count="0"/>
        <line num="240" type="stmt" count="0"/>
        <line num="241" type="stmt" count="0"/>
        <line num="242" type="stmt" count="0"/>
        <line num="243" type="stmt" count="0"/>
        <line num="246" type="stmt" count="2"/>
        <line num="261" type="method" name="getInput" crap="2" count="2"/>
        <line num="263" type="stmt" count="2"/>
        <line num="266" type="stmt" count="2"/>
        <line num="267" type="stmt" count="2"/>
        <line num="270" type="stmt" count="2"/>
        <line num="272" type="stmt" count="2"/>
        <line num="273" type="stmt" count="2"/>
        <line num="274" type="stmt" count="2"/>
        <line num="275" type="stmt" count="2"/>
        <line num="277" type="stmt" count="2"/>
        <line num="278" type="stmt" count="2"/>
        <line num="279" type="stmt" count="2"/>
        <line num="280" type="stmt" count="2"/>
        <line num="293" type="method" name="getRegistryDataProviderKey" crap="1" count="2"/>
        <line num="295" type="stmt" count="2"/>
        <line num="311" type="method" name="flush" crap="1" count="2"/>
        <line num="313" type="stmt" count="2"/>
        <line num="328" type="method" name="getParams" crap="2.09" count="2"/>
        <line num="330" type="stmt" count="2"/>
        <line num="333" type="stmt" count="2"/>
        <line num="335" type="stmt" count="2"/>
        <line num="336" type="stmt" count="0"/>
        <line num="337" type="stmt" count="0"/>
        <line num="338" type="stmt" count="2"/>
        <line num="340" type="stmt" count="2"/>
        <line num="386" type="method" name="getInstance" crap="1" count="2"/>
        <line num="388" type="stmt" count="2"/>
        <metrics loc="389" ncloc="217" classes="1" methods="9" coveredmethods="6" conditionals="0" coveredconditionals="0" statements="104" coveredstatements="76" elements="113" coveredelements="82"/>
      </file>
      <file name="/home/dp/PhpstormProjects/ifs/Ice/Source/Ice/Core/Action/Context.php">
        <class name="Action_Context" namespace="Ice\Core" fullPackage="Ice.Core" package="Ice" subpackage="Core">
          <metrics methods="13" coveredmethods="10" conditionals="0" coveredconditionals="0" statements="67" coveredstatements="62" elements="80" coveredelements="72"/>
        </class>
        <line num="75" type="method" name="__construct" crap="1" count="3"/>
        <line num="77" type="stmt" count="3"/>
        <line num="79" type="method" name="create" crap="1" count="3"/>
        <line num="81" type="stmt" count="3"/>
        <line num="103" type="method" name="addAction" crap="10" count="3"/>
        <line num="105" type="stmt" count="3"/>
        <line num="106" type="stmt" count="3"/>
        <line num="109" type="stmt" count="3"/>
        <line num="110" type="stmt" count="2"/>
        <line num="111" type="stmt" count="2"/>
        <line num="112" type="stmt" count="1"/>
        <line num="113" type="stmt" count="1"/>
        <line num="116" type="stmt" count="2"/>
        <line num="117" type="stmt" count="1"/>
        <line num="118" type="stmt" count="1"/>
        <line num="121" type="stmt" count="2"/>
        <line num="122" type="stmt" count="2"/>
        <line num="123" type="stmt" count="2"/>
        <line num="124" type="stmt" count="2"/>
        <line num="126" type="stmt" count="2"/>
        <line num="129" type="stmt" count="2"/>
        <line num="130" type="stmt" count="2"/>
        <line num="131" type="stmt" count="2"/>
        <line num="134" type="stmt" count="3"/>
        <line num="135" type="stmt" count="3"/>
        <line num="136" type="stmt" count="3"/>
        <line num="138" type="stmt" count="3"/>
        <line num="139" type="stmt" count="3"/>
        <line num="140" type="stmt" count="3"/>
        <line num="141" type="stmt" count="2"/>
        <line num="143" type="stmt" count="3"/>
        <line num="155" type="method" name="setParams" crap="1" count="2"/>
        <line num="157" type="stmt" count="2"/>
        <line num="158" type="stmt" count="2"/>
        <line num="170" type="method" name="setTemplate" crap="1" count="1"/>
        <line num="172" type="stmt" count="1"/>
        <line num="173" type="stmt" count="1"/>
        <line num="185" type="method" name="getActions" crap="1" count="3"/>
        <line num="187" type="stmt" count="3"/>
        <line num="202" type="method" name="initAction" crap="4.01" count="2"/>
        <line num="204" type="stmt" count="2"/>
        <line num="205" type="stmt" count="2"/>
        <line num="206" type="stmt" count="2"/>
        <line num="208" type="stmt" count="2"/>
        <line num="209" type="stmt" count="2"/>
        <line num="210" type="stmt" count="2"/>
        <line num="212" type="stmt" count="2"/>
        <line num="213" type="stmt" count="2"/>
        <line num="215" type="stmt" count="2"/>
        <line num="217" type="stmt" count="2"/>
        <line num="221" type="stmt" count="2"/>
        <line num="224" type="stmt" count="2"/>
        <line num="226" type="stmt" count="2"/>
        <line num="227" type="stmt" count="2"/>
        <line num="228" type="stmt" count="2"/>
        <line num="229" type="stmt" count="2"/>
        <line num="230" type="stmt" count="2"/>
        <line num="231" type="stmt" count="2"/>
        <line num="232" type="stmt" count="2"/>
        <line num="233" type="stmt" count="2"/>
        <line num="235" type="stmt" count="2"/>
        <line num="238" type="stmt" count="0"/>
        <line num="239" type="stmt" count="0"/>
        <line num="251" type="method" name="getViewData" crap="1" count="2"/>
        <line num="253" type="stmt" count="2"/>
        <line num="266" type="method" name="getFullStack" crap="2" count="0"/>
        <line num="268" type="stmt" count="0"/>
        <line num="279" type="method" name="commit" crap="1" count="2"/>
        <line num="281" type="stmt" count="2"/>
        <line num="282" type="stmt" count="2"/>
        <line num="283" type="stmt" count="2"/>
        <line num="295" type="method" name="getResponse" crap="2" count="1"/>
        <line num="297" type="stmt" count="1"/>
        <line num="298" type="stmt" count="1"/>
        <line num="301" type="stmt" count="1"/>
        <line num="314" type="method" name="getContent" crap="1" count="2"/>
        <line num="316" type="stmt" count="2"/>
        <line num="329" type="method" name="setContent" crap="2" count="0"/>
        <line num="331" type="stmt" count="0"/>
        <line num="332" type="stmt" count="0"/>
        <metrics loc="332" ncloc="157" classes="1" methods="13" coveredmethods="10" conditionals="0" coveredconditionals="0" statements="67" coveredstatements="62" elements="80" coveredelements="72"/>
      </file>
      <file name="/home/dp/PhpstormProjects/ifs/Ice/Source/Ice/Core/Cache.php">
        <class name="Cache" namespace="Ice\Core" fullPackage="Ice.Core" package="Ice" subpackage="Core">
          <metrics methods="3" coveredmethods="2" conditionals="0" coveredconditionals="0" statements="32" coveredstatements="31" elements="35" coveredelements="33"/>
        </class>
        <line num="45" type="method" name="validate" crap="5.01" count="3"/>
        <line num="47" type="stmt" count="3"/>
        <line num="48" type="stmt" count="0"/>
        <line num="52" type="stmt" count="3"/>
        <line num="54" type="stmt" count="3"/>
        <line num="56" type="stmt" count="3"/>
        <line num="57" type="stmt" count="3"/>
        <line num="59" type="stmt" count="3"/>
        <line num="60" type="stmt" count="2"/>
        <line num="61" type="stmt" count="2"/>
        <line num="62" type="stmt" count="2"/>
        <line num="64" type="stmt" count="3"/>
        <line num="65" type="stmt" count="3"/>
        <line num="66" type="stmt" count="3"/>
        <line num="67" type="stmt" count="3"/>
        <line num="69" type="stmt" count="3"/>
        <line num="83" type="method" name="getKeys" crap="4" count="4"/>
        <line num="85" type="stmt" count="4"/>
        <line num="87" type="stmt" count="4"/>
        <line num="88" type="stmt" count="4"/>
        <line num="89" type="stmt" count="4"/>
        <line num="91" type="stmt" count="4"/>
        <line num="92" type="stmt" count="4"/>
        <line num="93" type="stmt" count="4"/>
        <line num="95" type="stmt" count="4"/>
        <line num="96" type="stmt" count="4"/>
        <line num="97" type="stmt" count="4"/>
        <line num="99" type="stmt" count="4"/>
        <line num="101" type="stmt" count="4"/>
        <line num="115" type="method" name="invalidate" crap="2" count="4"/>
        <line num="118" type="stmt" count="4"/>
        <line num="120" type="stmt" count="4"/>
        <line num="121" type="stmt" count="4"/>
        <line num="122" type="stmt" count="4"/>
        <line num="123" type="stmt" count="4"/>
        <metrics loc="123" ncloc="66" classes="1" methods="3" coveredmethods="2" conditionals="0" coveredconditionals="0" statements="32" coveredstatements="31" elements="35" coveredelements="33"/>
      </file>
      <file name="/home/dp/PhpstormProjects/ifs/Ice/Source/Ice/Core/Config.php">
        <class name="Config" namespace="Ice\Core" fullPackage="Ice.Core" package="Ice" subpackage="Core">
          <metrics methods="7" coveredmethods="4" conditionals="0" coveredconditionals="0" statements="49" coveredstatements="43" elements="56" coveredelements="47"/>
        </class>
        <line num="60" type="method" name="__construct" crap="1" count="4"/>
        <line num="62" type="stmt" count="4"/>
        <line num="63" type="stmt" count="4"/>
        <line num="64" type="stmt" count="4"/>
        <line num="119" type="method" name="getInstance" crap="14.20" count="7"/>
        <line num="127" type="stmt" count="7"/>
        <line num="129" type="stmt" count="7"/>
        <line num="130" type="stmt" count="2"/>
        <line num="131" type="stmt" count="2"/>
        <line num="133" type="stmt" count="7"/>
        <line num="134" type="stmt" count="2"/>
        <line num="135" type="stmt" count="2"/>
        <line num="137" type="stmt" count="7"/>
        <line num="139" type="stmt" count="7"/>
        <line num="140" type="stmt" count="0"/>
        <line num="141" type="stmt" count="0"/>
        <line num="144" type="stmt" count="7"/>
        <line num="146" type="stmt" count="7"/>
        <line num="148" type="stmt" count="7"/>
        <line num="149" type="stmt" count="7"/>
        <line num="152" type="stmt" count="4"/>
        <line num="153" type="stmt" count="4"/>
        <line num="154" type="stmt" count="2"/>
        <line num="155" type="stmt" count="2"/>
        <line num="156" type="stmt" count="0"/>
        <line num="158" type="stmt" count="2"/>
        <line num="159" type="stmt" count="2"/>
        <line num="160" type="stmt" count="4"/>
        <line num="161" type="stmt" count="4"/>
        <line num="163" type="stmt" count="4"/>
        <line num="164" type="stmt" count="2"/>
        <line num="165" type="stmt" count="2"/>
        <line num="166" type="stmt" count="0"/>
        <line num="168" type="stmt" count="2"/>
        <line num="169" type="stmt" count="4"/>
        <line num="171" type="stmt" count="4"/>
        <line num="172" type="stmt" count="4"/>
        <line num="174" type="stmt" count="4"/>
        <line num="175" type="stmt" count="2"/>
        <line num="176" type="stmt" count="2"/>
        <line num="177" type="stmt" count="4"/>
        <line num="179" type="stmt" count="4"/>
        <line num="181" type="stmt" count="4"/>
        <line num="183" type="stmt" count="4"/>
        <line num="185" type="stmt" count="4"/>
        <line num="198" type="method" name="getDefaultDataProviderKey" crap="1" count="7"/>
        <line num="200" type="stmt" count="7"/>
        <line num="215" type="method" name="gets" crap="1" count="7"/>
        <line num="217" type="stmt" count="7"/>
        <line num="230" type="method" name="getDefaultKey" crap="2" count="0"/>
        <line num="232" type="stmt" count="0"/>
        <line num="245" type="method" name="getConfigName" crap="2" count="0"/>
        <line num="247" type="stmt" count="0"/>
        <line num="263" type="method" name="get" crap="2" count="5"/>
        <line num="265" type="stmt" count="5"/>
        <line num="267" type="stmt" count="5"/>
        <metrics loc="268" ncloc="84" classes="1" methods="7" coveredmethods="4" conditionals="0" coveredconditionals="0" statements="49" coveredstatements="43" elements="56" coveredelements="47"/>
      </file>
      <file name="/home/dp/PhpstormProjects/ifs/Ice/Source/Ice/Core/Container.php">
        <class name="Container" namespace="Ice\Core" fullPackage="Ice.Core" package="Ice" subpackage="Core">
          <metrics methods="6" coveredmethods="1" conditionals="0" coveredconditionals="0" statements="49" coveredstatements="30" elements="55" coveredelements="31"/>
        </class>
        <line num="43" type="method" name="getDataProvider" crap="6" count="0"/>
        <line num="45" type="stmt" count="0"/>
        <line num="46" type="stmt" count="0"/>
        <line num="47" type="stmt" count="0"/>
        <line num="49" type="stmt" count="0"/>
        <line num="52" type="method" name="getClass" crap="2" count="7"/>
        <line num="53" type="stmt" count="1"/>
        <line num="54" type="stmt" count="7"/>
        <line num="55" type="stmt" count="7"/>
        <line num="56" type="stmt" count="7"/>
        <line num="72" type="method" name="getInstance" crap="15.78" count="7"/>
        <line num="75" type="stmt" count="7"/>
        <line num="78" type="stmt" count="7"/>
        <line num="80" type="stmt" count="7"/>
        <line num="82" type="stmt" count="7"/>
        <line num="83" type="stmt" count="7"/>
        <line num="84" type="stmt" count="7"/>
        <line num="86" type="stmt" count="7"/>
        <line num="87" type="stmt" count="7"/>
        <line num="88" type="stmt" count="7"/>
        <line num="89" type="stmt" count="7"/>
        <line num="90" type="stmt" count="7"/>
        <line num="91" type="stmt" count="7"/>
        <line num="92" type="stmt" count="7"/>
        <line num="93" type="stmt" count="6"/>
        <line num="94" type="stmt" count="6"/>
        <line num="97" type="stmt" count="7"/>
        <line num="99" type="stmt" count="7"/>
        <line num="101" type="stmt" count="7"/>
        <line num="102" type="stmt" count="7"/>
        <line num="105" type="stmt" count="5"/>
        <line num="107" type="stmt" count="5"/>
        <line num="108" type="stmt" count="5"/>
        <line num="109" type="stmt" count="5"/>
        <line num="110" type="stmt" count="5"/>
        <line num="111" type="stmt" count="0"/>
        <line num="112" type="stmt" count="0"/>
        <line num="113" type="stmt" count="0"/>
        <line num="115" type="stmt" count="0"/>
        <line num="116" type="stmt" count="0"/>
        <line num="117" type="stmt" count="0"/>
        <line num="118" type="stmt" count="0"/>
        <line num="119" type="stmt" count="0"/>
        <line num="120" type="stmt" count="0"/>
        <line num="124" type="stmt" count="5"/>
        <line num="125" type="stmt" count="0"/>
        <line num="126" type="stmt" count="0"/>
        <line num="128" type="stmt" count="5"/>
        <line num="143" type="method" name="create" crap="2" count="0"/>
        <line num="145" type="stmt" count="0"/>
        <line num="146" type="stmt" count="0"/>
        <line num="158" type="method" name="getLogger" crap="2" count="0"/>
        <line num="160" type="stmt" count="0"/>
        <line num="173" type="method" name="getBaseClass" crap="2" count="0"/>
        <line num="175" type="stmt" count="0"/>
        <metrics loc="176" ncloc="98" classes="1" methods="6" coveredmethods="1" conditionals="0" coveredconditionals="0" statements="49" coveredstatements="30" elements="55" coveredelements="31"/>
      </file>
      <file name="/home/dp/PhpstormProjects/ifs/Ice/Source/Ice/Core/Data/Provider.php">
        <class name="Data_Provider" namespace="Ice\Core" fullPackage="Ice.Core" package="Ice" subpackage="Core">
          <metrics methods="12" coveredmethods="8" conditionals="0" coveredconditionals="0" statements="45" coveredstatements="33" elements="57" coveredelements="41"/>
        </class>
        <line num="80" type="method" name="__construct" crap="1" count="4"/>
        <line num="82" type="stmt" count="4"/>
        <line num="83" type="stmt" count="4"/>
        <line num="84" type="stmt" count="4"/>
        <line num="98" type="method" name="getInstance" crap="5.01" count="7"/>
        <line num="101" type="stmt" count="7"/>
        <line num="103" type="stmt" count="7"/>
        <line num="104" type="stmt" count="0"/>
        <line num="105" type="stmt" count="7"/>
        <line num="106" type="stmt" count="7"/>
        <line num="107" type="stmt" count="7"/>
        <line num="109" type="stmt" count="7"/>
        <line num="111" type="stmt" count="7"/>
        <line num="113" type="stmt" count="7"/>
        <line num="114" type="stmt" count="6"/>
        <line num="115" type="stmt" count="6"/>
        <line num="118" type="stmt" count="7"/>
        <line num="119" type="stmt" count="7"/>
        <line num="122" type="stmt" count="4"/>
        <line num="136" type="method" name="getDefaultDataProviderKey" crap="2" count="0"/>
        <line num="138" type="stmt" count="0"/>
        <line num="139" type="stmt" count="0"/>
        <line num="152" type="method" name="getScheme" crap="1" count="4"/>
        <line num="154" type="stmt" count="4"/>
        <line num="167" type="method" name="setScheme" crap="1" count="1"/>
        <line num="169" type="stmt" count="1"/>
        <line num="170" type="stmt" count="1"/>
        <line num="183" type="method" name="getConnection" crap="3.71" count="7"/>
        <line num="185" type="stmt" count="7"/>
        <line num="186" type="stmt" count="7"/>
        <line num="189" type="stmt" count="4"/>
        <line num="191" type="stmt" count="0"/>
        <line num="192" type="stmt" count="0"/>
        <line num="193" type="stmt" count="0"/>
        <line num="195" type="stmt" count="4"/>
        <line num="221" type="method" name="getKey" crap="1" count="7"/>
        <line num="223" type="stmt" count="7"/>
        <line num="236" type="method" name="getIndex" crap="1" count="7"/>
        <line num="238" type="stmt" count="7"/>
        <line num="251" type="method" name="closeConnection" crap="6" count="0"/>
        <line num="253" type="stmt" count="0"/>
        <line num="255" type="stmt" count="0"/>
        <line num="256" type="stmt" count="0"/>
        <line num="257" type="stmt" count="0"/>
        <line num="259" type="stmt" count="0"/>
        <line num="260" type="stmt" count="0"/>
        <line num="379" type="method" name="getFullKey" crap="1" count="4"/>
        <line num="381" type="stmt" count="4"/>
        <line num="394" type="method" name="getKeyPrefix" crap="1" count="7"/>
        <line num="397" type="stmt" count="7"/>
        <line num="398" type="stmt" count="7"/>
        <line num="412" type="method" name="getOptions" crap="3" count="4"/>
        <line num="416" type="stmt" count="4"/>
        <line num="418" type="stmt" count="4"/>
        <line num="419" type="stmt" count="4"/>
        <line num="420" type="stmt" count="4"/>
        <line num="422" type="stmt" count="4"/>
        <metrics loc="423" ncloc="145" classes="1" methods="12" coveredmethods="8" conditionals="0" coveredconditionals="0" statements="45" coveredstatements="33" elements="57" coveredelements="41"/>
      </file>
      <file name="/home/dp/PhpstormProjects/ifs/Ice/Source/Ice/Core/Data/Scheme.php">
        <class name="Data_Scheme" namespace="Ice\Core" fullPackage="Ice.Core" package="Ice" subpackage="Core">
          <metrics methods="9" coveredmethods="4" conditionals="0" coveredconditionals="0" statements="58" coveredstatements="10" elements="67" coveredelements="14"/>
        </class>
        <line num="62" type="method" name="__construct" crap="1" count="1"/>
        <line num="64" type="stmt" count="1"/>
        <line num="65" type="stmt" count="1"/>
        <line num="79" type="method" name="create" crap="1" count="1"/>
        <line num="81" type="stmt" count="1"/>
        <line num="96" type="method" name="getFilePathData" crap="3.19" count="1"/>
        <line num="98" type="stmt" count="1"/>
        <line num="100" type="stmt" count="1"/>
        <line num="101" type="stmt" count="1"/>
        <line num="105" type="stmt" count="0"/>
        <line num="106" type="stmt" count="0"/>
        <line num="107" type="stmt" count="0"/>
        <line num="108" type="stmt" count="0"/>
        <line num="110" type="stmt" count="0"/>
        <line num="112" type="stmt" count="0"/>
        <line num="128" type="method" name="update" crap="90" count="0"/>
        <line num="131" type="stmt" count="0"/>
        <line num="132" type="stmt" count="0"/>
        <line num="134" type="stmt" count="0"/>
        <line num="136" type="stmt" count="0"/>
        <line num="137" type="stmt" count="0"/>
        <line num="139" type="stmt" count="0"/>
        <line num="142" type="stmt" count="0"/>
        <line num="143" type="stmt" count="0"/>
        <line num="144" type="stmt" count="0"/>
        <line num="146" type="stmt" count="0"/>
        <line num="147" type="stmt" count="0"/>
        <line num="149" type="stmt" count="0"/>
        <line num="150" type="stmt" count="0"/>
        <line num="153" type="stmt" count="0"/>
        <line num="154" type="stmt" count="0"/>
        <line num="155" type="stmt" count="0"/>
        <line num="156" type="stmt" count="0"/>
        <line num="158" type="stmt" count="0"/>
        <line num="159" type="stmt" count="0"/>
        <line num="161" type="stmt" count="0"/>
        <line num="162" type="stmt" count="0"/>
        <line num="163" type="stmt" count="0"/>
        <line num="166" type="stmt" count="0"/>
        <line num="167" type="stmt" count="0"/>
        <line num="168" type="stmt" count="0"/>
        <line num="169" type="stmt" count="0"/>
        <line num="170" type="stmt" count="0"/>
        <line num="172" type="stmt" count="0"/>
        <line num="173" type="stmt" count="0"/>
        <line num="176" type="stmt" count="0"/>
        <line num="177" type="stmt" count="0"/>
        <line num="179" type="stmt" count="0"/>
        <line num="181" type="stmt" count="0"/>
        <line num="183" type="stmt" count="0"/>
        <line num="184" type="stmt" count="0"/>
        <line num="186" type="stmt" count="0"/>
        <line num="188" type="stmt" count="0"/>
        <line num="190" type="stmt" count="0"/>
        <line num="205" type="method" name="diff" crap="2" count="0"/>
        <line num="207" type="stmt" count="0"/>
        <line num="220" type="method" name="getDefaultKey" crap="2" count="0"/>
        <line num="222" type="stmt" count="0"/>
        <line num="223" type="stmt" count="0"/>
        <line num="236" type="method" name="getTableNames" crap="1" count="1"/>
        <line num="238" type="stmt" count="1"/>
        <line num="251" type="method" name="getModelClasses" crap="2" count="3"/>
        <line num="253" type="stmt" count="3"/>
        <line num="254" type="stmt" count="3"/>
        <line num="257" type="stmt" count="1"/>
        <line num="270" type="method" name="getName" crap="2" count="0"/>
        <line num="272" type="stmt" count="0"/>
        <metrics loc="273" ncloc="142" classes="1" methods="9" coveredmethods="4" conditionals="0" coveredconditionals="0" statements="58" coveredstatements="10" elements="67" coveredelements="14"/>
      </file>
      <file name="/home/dp/PhpstormProjects/ifs/Ice/Source/Ice/Core/Data/Source.php">
        <class name="Data_Source" namespace="Ice\Core" fullPackage="Ice.Core" package="Ice" subpackage="Core">
          <metrics methods="10" coveredmethods="6" conditionals="0" coveredconditionals="0" statements="65" coveredstatements="53" elements="75" coveredelements="59"/>
        </class>
        <line num="62" type="method" name="__construct" crap="1" count="1"/>
        <line num="64" type="stmt" count="1"/>
        <line num="65" type="stmt" count="1"/>
        <line num="66" type="stmt" count="1"/>
        <line num="67" type="stmt" count="1"/>
        <line num="79" type="method" name="getSourceDataProvider" crap="2" count="4"/>
        <line num="82" type="stmt" count="4"/>
        <line num="84" type="stmt" count="4"/>
        <line num="85" type="stmt" count="1"/>
        <line num="86" type="stmt" count="1"/>
        <line num="88" type="stmt" count="4"/>
        <line num="101" type="method" name="getDefaultKey" crap="2" count="3"/>
        <line num="103" type="stmt" count="3"/>
        <line num="104" type="stmt" count="3"/>
        <line num="119" type="method" name="create" crap="5.31" count="1"/>
        <line num="121" type="stmt" count="1"/>
        <line num="123" type="stmt" count="1"/>
        <line num="124" type="stmt" count="1"/>
        <line num="125" type="stmt" count="1"/>
        <line num="126" type="stmt" count="1"/>
        <line num="127" type="stmt" count="1"/>
        <line num="129" type="stmt" count="0"/>
        <line num="130" type="stmt" count="1"/>
        <line num="132" type="stmt" count="1"/>
        <line num="133" type="stmt" count="0"/>
        <line num="134" type="stmt" count="0"/>
        <line num="136" type="stmt" count="1"/>
        <line num="137" type="stmt" count="1"/>
        <line num="228" type="method" name="getConnection" crap="1" count="4"/>
        <line num="230" type="stmt" count="4"/>
        <line num="243" type="method" name="getCacheDataProvider" crap="2" count="0"/>
        <line num="245" type="stmt" count="0"/>
        <line num="260" type="method" name="getInstance" crap="1" count="4"/>
        <line num="262" type="stmt" count="4"/>
        <line num="313" type="method" name="execute" crap="11.97" count="4"/>
        <line num="315" type="stmt" count="4"/>
        <line num="317" type="stmt" count="4"/>
        <line num="319" type="stmt" count="4"/>
        <line num="322" type="stmt" count="4"/>
        <line num="324" type="stmt" count="4"/>
        <line num="325" type="stmt" count="4"/>
        <line num="327" type="stmt" count="4"/>
        <line num="328" type="stmt" count="4"/>
        <line num="332" type="stmt" count="4"/>
        <line num="333" type="stmt" count="3"/>
        <line num="335" type="stmt" count="3"/>
        <line num="337" type="stmt" count="3"/>
        <line num="339" type="stmt" count="3"/>
        <line num="340" type="stmt" count="0"/>
        <line num="342" type="stmt" count="0"/>
        <line num="345" type="stmt" count="3"/>
        <line num="347" type="stmt" count="3"/>
        <line num="348" type="stmt" count="3"/>
        <line num="350" type="stmt" count="3"/>
        <line num="351" type="stmt" count="3"/>
        <line num="353" type="stmt" count="4"/>
        <line num="354" type="stmt" count="4"/>
        <line num="355" type="stmt" count="4"/>
        <line num="356" type="stmt" count="4"/>
        <line num="358" type="stmt" count="4"/>
        <line num="359" type="stmt" count="4"/>
        <line num="360" type="stmt" count="4"/>
        <line num="362" type="stmt" count="0"/>
        <line num="363" type="stmt" count="0"/>
        <line num="364" type="stmt" count="0"/>
        <line num="365" type="stmt" count="4"/>
        <line num="366" type="stmt" count="0"/>
        <line num="367" type="stmt" count="0"/>
        <line num="370" type="stmt" count="4"/>
        <line num="372" type="stmt" count="4"/>
        <line num="386" type="method" name="getQueryResult" crap="1" count="4"/>
        <line num="388" type="stmt" count="4"/>
        <line num="389" type="stmt" count="4"/>
        <line num="415" type="method" name="getScheme" crap="2" count="0"/>
        <line num="417" type="stmt" count="0"/>
        <metrics loc="418" ncloc="170" classes="1" methods="10" coveredmethods="6" conditionals="0" coveredconditionals="0" statements="65" coveredstatements="53" elements="75" coveredelements="59"/>
      </file>
      <file name="/home/dp/PhpstormProjects/ifs/Ice/Source/Ice/Core/Environment.php">
        <class name="Environment" namespace="Ice\Core" fullPackage="Ice.Core" package="Ice" subpackage="Core">
          <metrics methods="12" coveredmethods="7" conditionals="0" coveredconditionals="0" statements="46" coveredstatements="27" elements="58" coveredelements="34"/>
        </class>
        <line num="61" type="method" name="__construct" crap="20" count="0"/>
        <line num="63" type="stmt" count="0"/>
        <line num="65" type="stmt" count="0"/>
        <line num="67" type="stmt" count="0"/>
        <line num="68" type="stmt" count="0"/>
        <line num="69" type="stmt" count="0"/>
        <line num="72" type="stmt" count="0"/>
        <line num="73" type="stmt" count="0"/>
        <line num="74" type="stmt" count="0"/>
        <line num="76" type="stmt" count="0"/>
        <line num="78" type="stmt" count="0"/>
        <line num="79" type="stmt" count="0"/>
        <line num="92" type="method" name="getDataProvider" crap="1" count="7"/>
        <line num="94" type="stmt" count="7"/>
        <line num="107" type="method" name="getDefaultDataProviderKey" crap="1" count="7"/>
        <line num="109" type="stmt" count="7"/>
        <line num="123" type="method" name="isDevelopment" crap="1" count="2"/>
        <line num="125" type="stmt" count="2"/>
        <line num="138" type="method" name="isProduction" crap="1" count="4"/>
        <line num="140" type="stmt" count="4"/>
        <line num="153" type="method" name="getDefaultKey" crap="3.14" count="7"/>
        <line num="155" type="stmt" count="7"/>
        <line num="157" type="stmt" count="7"/>
        <line num="158" type="stmt" count="7"/>
        <line num="159" type="stmt" count="7"/>
        <line num="161" type="stmt" count="7"/>
        <line num="162" type="stmt" count="7"/>
        <line num="164" type="stmt" count="0"/>
        <line num="166" type="stmt" count="0"/>
        <line num="181" type="method" name="create" crap="2" count="0"/>
        <line num="183" type="stmt" count="0"/>
        <line num="198" type="method" name="getProvider" crap="1" count="7"/>
        <line num="200" type="stmt" count="7"/>
        <line num="216" type="method" name="getDataProviderKey" crap="3.14" count="7"/>
        <line num="218" type="stmt" count="7"/>
        <line num="220" type="stmt" count="7"/>
        <line num="222" type="stmt" count="7"/>
        <line num="223" type="stmt" count="0"/>
        <line num="224" type="stmt" count="0"/>
        <line num="226" type="stmt" count="7"/>
        <line num="227" type="stmt" count="7"/>
        <line num="228" type="stmt" count="7"/>
        <line num="242" type="method" name="get" crap="2" count="7"/>
        <line num="244" type="stmt" count="7"/>
        <line num="245" type="stmt" count="7"/>
        <line num="259" type="method" name="gets" crap="4.43" count="7"/>
        <line num="261" type="stmt" count="7"/>
        <line num="263" type="stmt" count="7"/>
        <line num="264" type="stmt" count="0"/>
        <line num="267" type="stmt" count="7"/>
        <line num="268" type="stmt" count="7"/>
        <line num="269" type="stmt" count="0"/>
        <line num="270" type="stmt" count="0"/>
        <line num="273" type="stmt" count="7"/>
        <line num="274" type="stmt" count="7"/>
        <line num="275" type="stmt" count="7"/>
        <line num="288" type="method" name="getEnvironment" crap="1" count="6"/>
        <line num="290" type="stmt" count="6"/>
        <metrics loc="291" ncloc="129" classes="1" methods="12" coveredmethods="7" conditionals="0" coveredconditionals="0" statements="46" coveredstatements="27" elements="58" coveredelements="34"/>
      </file>
      <file name="/home/dp/PhpstormProjects/ifs/Ice/Source/Ice/Core/Loader.php">
        <class name="Loader" namespace="Ice\Core" fullPackage="Ice.Core" package="Ice" subpackage="Core">
          <metrics methods="5" coveredmethods="1" conditionals="0" coveredconditionals="0" statements="75" coveredstatements="46" elements="80" coveredelements="47"/>
        </class>
        <line num="57" type="method" name="load" crap="15.38" count="7"/>
        <line num="59" type="stmt" count="7"/>
        <line num="60" type="stmt" count="4"/>
        <line num="64" type="stmt" count="6"/>
        <line num="66" type="stmt" count="6"/>
        <line num="67" type="stmt" count="6"/>
        <line num="68" type="stmt" count="1"/>
        <line num="69" type="stmt" count="0"/>
        <line num="72" type="stmt" count="6"/>
        <line num="74" type="stmt" count="6"/>
        <line num="75" type="stmt" count="6"/>
        <line num="77" type="stmt" count="6"/>
        <line num="78" type="stmt" count="6"/>
        <line num="79" type="stmt" count="6"/>
        <line num="82" type="stmt" count="0"/>
        <line num="83" type="stmt" count="0"/>
        <line num="84" type="stmt" count="0"/>
        <line num="85" type="stmt" count="0"/>
        <line num="87" type="stmt" count="0"/>
        <line num="88" type="stmt" count="0"/>
        <line num="89" type="stmt" count="0"/>
        <line num="91" type="stmt" count="0"/>
        <line num="112" type="method" name="getFilePath" crap="16.55" count="6"/>
        <line num="122" type="stmt" count="6"/>
        <line num="124" type="stmt" count="6"/>
        <line num="125" type="stmt" count="6"/>
        <line num="127" type="stmt" count="6"/>
        <line num="129" type="stmt" count="6"/>
        <line num="130" type="stmt" count="0"/>
        <line num="131" type="stmt" count="0"/>
        <line num="133" type="stmt" count="6"/>
        <line num="134" type="stmt" count="6"/>
        <line num="136" type="stmt" count="6"/>
        <line num="138" type="stmt" count="6"/>
        <line num="139" type="stmt" count="6"/>
        <line num="141" type="stmt" count="6"/>
        <line num="145" type="stmt" count="6"/>
        <line num="146" type="stmt" count="4"/>
        <line num="148" type="stmt" count="4"/>
        <line num="149" type="stmt" count="4"/>
        <line num="151" type="stmt" count="4"/>
        <line num="152" type="stmt" count="6"/>
        <line num="153" type="stmt" count="6"/>
        <line num="155" type="stmt" count="6"/>
        <line num="156" type="stmt" count="5"/>
        <line num="157" type="stmt" count="4"/>
        <line num="158" type="stmt" count="4"/>
        <line num="159" type="stmt" count="4"/>
        <line num="162" type="stmt" count="0"/>
        <line num="163" type="stmt" count="0"/>
        <line num="164" type="stmt" count="0"/>
        <line num="165" type="stmt" count="0"/>
        <line num="167" type="stmt" count="0"/>
        <line num="168" type="stmt" count="1"/>
        <line num="170" type="stmt" count="4"/>
        <line num="171" type="stmt" count="4"/>
        <line num="174" type="stmt" count="0"/>
        <line num="192" type="method" name="unregister" crap="12" count="0"/>
        <line num="194" type="stmt" count="0"/>
        <line num="195" type="stmt" count="0"/>
        <line num="196" type="stmt" count="0"/>
        <line num="197" type="stmt" count="0"/>
        <line num="198" type="stmt" count="0"/>
        <line num="200" type="stmt" count="0"/>
        <line num="201" type="stmt" count="0"/>
        <line num="203" type="method" name="init" crap="2" count="0"/>
        <line num="205" type="stmt" count="0"/>
        <line num="207" type="stmt" count="0"/>
        <line num="209" type="stmt" count="0"/>
        <line num="210" type="stmt" count="0"/>
        <line num="211" type="stmt" count="0"/>
        <line num="228" type="method" name="register" crap="3" count="1"/>
        <line num="230" type="stmt" count="1"/>
        <line num="231" type="stmt" count="1"/>
        <line num="232" type="stmt" count="1"/>
        <line num="234" type="stmt" count="1"/>
        <line num="236" type="stmt" count="1"/>
        <line num="237" type="stmt" count="1"/>
        <line num="238" type="stmt" count="1"/>
        <line num="239" type="stmt" count="1"/>
        <metrics loc="239" ncloc="148" classes="1" methods="5" coveredmethods="1" conditionals="0" coveredconditionals="0" statements="75" coveredstatements="46" elements="80" coveredelements="47"/>
      </file>
      <file name="/home/dp/PhpstormProjects/ifs/Ice/Source/Ice/Core/Logger.php">
        <class name="Logger" namespace="Ice\Core" fullPackage="Ice.Core" package="Ice" subpackage="Core">
          <metrics methods="20" coveredmethods="4" conditionals="0" coveredconditionals="0" statements="118" coveredstatements="33" elements="138" coveredelements="37"/>
        </class>
        <line num="122" type="method" name="__construct" crap="1" count="6"/>
        <line num="124" type="stmt" count="6"/>
        <line num="125" type="stmt" count="6"/>
        <line num="135" type="method" name="init" crap="2" count="0"/>
        <line num="137" type="stmt" count="0"/>
        <line num="139" type="stmt" count="0"/>
        <line num="141" type="stmt" count="0"/>
        <line num="142" type="stmt" count="0"/>
        <line num="144" type="stmt" count="0"/>
        <line num="145" type="stmt" count="0"/>
        <line num="146" type="stmt" count="0"/>
        <line num="148" type="stmt" count="0"/>
        <line num="149" type="stmt" count="0"/>
        <line num="159" type="method" name="shutdownHandler" crap="20" count="0"/>
        <line num="161" type="stmt" count="0"/>
        <line num="162" type="stmt" count="0"/>
        <line num="163" type="stmt" count="0"/>
        <line num="164" type="stmt" count="0"/>
        <line num="166" type="stmt" count="0"/>
        <line num="167" type="stmt" count="0"/>
        <line num="168" type="stmt" count="0"/>
        <line num="170" type="stmt" count="0"/>
        <line num="172" type="stmt" count="0"/>
        <line num="173" type="stmt" count="0"/>
        <line num="174" type="stmt" count="0"/>
        <line num="176" type="stmt" count="0"/>
        <line num="194" type="method" name="errorHandler" crap="6.97" count="1"/>
        <line num="197" type="stmt" count="1"/>
        <line num="198" type="stmt" count="0"/>
        <line num="199" type="stmt" count="1"/>
        <line num="200" type="stmt" count="1"/>
        <line num="201" type="stmt" count="1"/>
        <line num="204" type="stmt" count="0"/>
        <line num="205" type="stmt" count="0"/>
        <line num="221" type="method" name="info" crap="7.39" count="6"/>
        <line num="223" type="stmt" count="6"/>
        <line num="224" type="stmt" count="0"/>
        <line num="225" type="stmt" count="0"/>
        <line num="227" type="stmt" count="6"/>
        <line num="229" type="stmt" count="2"/>
        <line num="230" type="stmt" count="2"/>
        <line num="231" type="stmt" count="2"/>
        <line num="232" type="stmt" count="2"/>
        <line num="233" type="stmt" count="2"/>
        <line num="235" type="stmt" count="2"/>
        <line num="236" type="stmt" count="2"/>
        <line num="238" type="stmt" count="6"/>
        <line num="239" type="stmt" count="6"/>
        <line num="241" type="stmt" count="6"/>
        <line num="243" type="stmt" count="6"/>
        <line num="244" type="stmt" count="6"/>
        <line num="245" type="stmt" count="6"/>
        <line num="246" type="stmt" count="6"/>
        <line num="248" type="stmt" count="0"/>
        <line num="249" type="stmt" count="0"/>
        <line num="253" type="method" name="fb" crap="4.12" count="6"/>
        <line num="255" type="stmt" count="6"/>
        <line num="256" type="stmt" count="0"/>
        <line num="257" type="stmt" count="0"/>
        <line num="258" type="stmt" count="6"/>
        <line num="271" type="method" name="addLog" crap="2" count="0"/>
        <line num="273" type="stmt" count="0"/>
        <line num="293" type="method" name="error" crap="12" count="0"/>
        <line num="295" type="stmt" count="0"/>
        <line num="296" type="stmt" count="0"/>
        <line num="297" type="stmt" count="0"/>
        <line num="299" type="stmt" count="0"/>
        <line num="302" type="stmt" count="0"/>
        <line num="303" type="stmt" count="0"/>
        <line num="304" type="stmt" count="0"/>
        <line num="305" type="stmt" count="0"/>
        <line num="306" type="stmt" count="0"/>
        <line num="307" type="stmt" count="0"/>
        <line num="309" type="stmt" count="0"/>
        <line num="310" type="stmt" count="0"/>
        <line num="312" type="stmt" count="0"/>
        <line num="314" type="stmt" count="0"/>
        <line num="315" type="stmt" count="0"/>
        <line num="316" type="stmt" count="0"/>
        <line num="318" type="stmt" count="0"/>
[...]
      <line num="124" type="stmt" count="0"/>
      <line num="131" type="method" name="getTag" crap="1" count="1"/>
      <line num="133" type="stmt" count="1"/>
      <metrics loc="135" ncloc="95" classes="1" methods="6" coveredmethods="1" conditionals="0" coveredconditionals="0" statements="55" coveredstatements="1" elements="61" coveredelements="2"/>
    </file>
    <file name="/home/dp/PhpstormProjects/ifs/_vendor/twig/twig/lib/Twig/TokenParser/From.php">
      <class name="Twig_TokenParser_From" namespace="global" fullPackage="Twig.TokenParser">
        <metrics methods="2" coveredmethods="1" conditionals="0" coveredconditionals="0" statements="20" coveredstatements="1" elements="22" coveredelements="2"/>
      </class>
      <line num="28" type="method" name="parse" crap="30" count="0"/>
      <line num="30" type="stmt" count="0"/>
      <line num="31" type="stmt" count="0"/>
      <line num="32" type="stmt" count="0"/>
      <line num="34" type="stmt" count="0"/>
      <line num="36" type="stmt" count="0"/>
      <line num="38" type="stmt" count="0"/>
      <line num="39" type="stmt" count="0"/>
      <line num="40" type="stmt" count="0"/>
      <line num="41" type="stmt" count="0"/>
      <line num="43" type="stmt" count="0"/>
      <line num="45" type="stmt" count="0"/>
      <line num="46" type="stmt" count="0"/>
      <line num="48" type="stmt" count="0"/>
      <line num="50" type="stmt" count="0"/>
      <line num="52" type="stmt" count="0"/>
      <line num="54" type="stmt" count="0"/>
      <line num="55" type="stmt" count="0"/>
      <line num="56" type="stmt" count="0"/>
      <line num="58" type="stmt" count="0"/>
      <line num="66" type="method" name="getTag" crap="1" count="1"/>
      <line num="68" type="stmt" count="1"/>
      <metrics loc="70" ncloc="43" classes="1" methods="2" coveredmethods="1" conditionals="0" coveredconditionals="0" statements="20" coveredstatements="1" elements="22" coveredelements="2"/>
    </file>
    <file name="/home/dp/PhpstormProjects/ifs/_vendor/twig/twig/lib/Twig/TokenParser/If.php">
      <class name="Twig_TokenParser_If" namespace="global" fullPackage="Twig.TokenParser">
        <metrics methods="4" coveredmethods="1" conditionals="0" coveredconditionals="0" statements="33" coveredstatements="1" elements="37" coveredelements="2"/>
      </class>
      <line num="35" type="method" name="parse" crap="30" count="0"/>
      <line num="37" type="stmt" count="0"/>
      <line num="38" type="stmt" count="0"/>
      <line num="39" type="stmt" count="0"/>
      <line num="40" type="stmt" count="0"/>
      <line num="41" type="stmt" count="0"/>
      <line num="42" type="stmt" count="0"/>
      <line num="43" type="stmt" count="0"/>
      <line num="45" type="stmt" count="0"/>
      <line num="46" type="stmt" count="0"/>
      <line num="47" type="stmt" count="0"/>
      <line num="48" type="stmt" count="0"/>
      <line num="49" type="stmt" count="0"/>
      <line num="50" type="stmt" count="0"/>
      <line num="51" type="stmt" count="0"/>
      <line num="53" type="stmt" count="0"/>
      <line num="54" type="stmt" count="0"/>
      <line num="55" type="stmt" count="0"/>
      <line num="56" type="stmt" count="0"/>
      <line num="57" type="stmt" count="0"/>
      <line num="58" type="stmt" count="0"/>
      <line num="59" type="stmt" count="0"/>
      <line num="61" type="stmt" count="0"/>
      <line num="62" type="stmt" count="0"/>
      <line num="63" type="stmt" count="0"/>
      <line num="65" type="stmt" count="0"/>
      <line num="66" type="stmt" count="0"/>
      <line num="67" type="stmt" count="0"/>
      <line num="68" type="stmt" count="0"/>
      <line num="70" type="stmt" count="0"/>
      <line num="72" type="stmt" count="0"/>
      <line num="75" type="method" name="decideIfFork" crap="2" count="0"/>
      <line num="77" type="stmt" count="0"/>
      <line num="80" type="method" name="decideIfEnd" crap="2" count="0"/>
      <line num="82" type="stmt" count="0"/>
      <line num="90" type="method" name="getTag" crap="1" count="1"/>
      <line num="92" type="stmt" count="1"/>
      <metrics loc="94" ncloc="60" classes="1" methods="4" coveredmethods="1" conditionals="0" coveredconditionals="0" statements="33" coveredstatements="1" elements="37" coveredelements="2"/>
    </file>
    <file name="/home/dp/PhpstormProjects/ifs/_vendor/twig/twig/lib/Twig/TokenParser/Import.php">
      <class name="Twig_TokenParser_Import" namespace="global" fullPackage="Twig.TokenParser">
        <metrics methods="2" coveredmethods="1" conditionals="0" coveredconditionals="0" statements="7" coveredstatements="1" elements="9" coveredelements="2"/>
      </class>
      <line num="28" type="method" name="parse" crap="2" count="0"/>
      <line num="30" type="stmt" count="0"/>
      <line num="31" type="stmt" count="0"/>
      <line num="32" type="stmt" count="0"/>
      <line num="33" type="stmt" count="0"/>
      <line num="35" type="stmt" count="0"/>
      <line num="37" type="stmt" count="0"/>
      <line num="45" type="method" name="getTag" crap="1" count="1"/>
      <line num="47" type="stmt" count="1"/>
      <metrics loc="49" ncloc="22" classes="1" methods="2" coveredmethods="1" conditionals="0" coveredconditionals="0" statements="7" coveredstatements="1" elements="9" coveredelements="2"/>
    </file>
    <file name="/home/dp/PhpstormProjects/ifs/_vendor/twig/twig/lib/Twig/TokenParser/Include.php">
      <class name="Twig_TokenParser_Include" namespace="global" fullPackage="Twig.TokenParser">
        <metrics methods="3" coveredmethods="1" conditionals="0" coveredconditionals="0" statements="20" coveredstatements="1" elements="23" coveredelements="2"/>
      </class>
      <line num="31" type="method" name="parse" crap="2" count="0"/>
      <line num="33" type="stmt" count="0"/>
      <line num="35" type="stmt" count="0"/>
      <line num="37" type="stmt" count="0"/>
      <line num="40" type="method" name="parseArguments" crap="20" count="0"/>
      <line num="42" type="stmt" count="0"/>
      <line num="44" type="stmt" count="0"/>
      <line num="45" type="stmt" count="0"/>
      <line num="46" type="stmt" count="0"/>
      <line num="48" type="stmt" count="0"/>
      <line num="49" type="stmt" count="0"/>
      <line num="51" type="stmt" count="0"/>
      <line num="52" type="stmt" count="0"/>
      <line num="53" type="stmt" count="0"/>
      <line num="54" type="stmt" count="0"/>
      <line num="56" type="stmt" count="0"/>
      <line num="57" type="stmt" count="0"/>
      <line num="58" type="stmt" count="0"/>
      <line num="59" type="stmt" count="0"/>
      <line num="61" type="stmt" count="0"/>
      <line num="63" type="stmt" count="0"/>
      <line num="71" type="method" name="getTag" crap="1" count="1"/>
      <line num="73" type="stmt" count="1"/>
      <metrics loc="75" ncloc="45" classes="1" methods="3" coveredmethods="1" conditionals="0" coveredconditionals="0" statements="20" coveredstatements="1" elements="23" coveredelements="2"/>
    </file>
    <file name="/home/dp/PhpstormProjects/ifs/_vendor/twig/twig/lib/Twig/TokenParser/Macro.php">
      <class name="Twig_TokenParser_Macro" namespace="global" fullPackage="Twig.TokenParser">
        <metrics methods="3" coveredmethods="1" conditionals="0" coveredconditionals="0" statements="18" coveredstatements="1" elements="21" coveredelements="2"/>
      </class>
      <line num="30" type="method" name="parse" crap="12" count="0"/>
      <line num="32" type="stmt" count="0"/>
      <line num="33" type="stmt" count="0"/>
      <line num="34" type="stmt" count="0"/>
      <line num="36" type="stmt" count="0"/>
      <line num="38" type="stmt" count="0"/>
      <line num="39" type="stmt" count="0"/>
      <line num="40" type="stmt" count="0"/>
      <line num="41" type="stmt" count="0"/>
      <line num="42" type="stmt" count="0"/>
      <line num="44" type="stmt" count="0"/>
      <line num="45" type="stmt" count="0"/>
      <line num="47" type="stmt" count="0"/>
      <line num="48" type="stmt" count="0"/>
      <line num="49" type="stmt" count="0"/>
      <line num="51" type="stmt" count="0"/>
      <line num="52" type="stmt" count="0"/>
      <line num="54" type="method" name="decideBlockEnd" crap="2" count="0"/>
      <line num="56" type="stmt" count="0"/>
      <line num="64" type="method" name="getTag" crap="1" count="1"/>
      <line num="66" type="stmt" count="1"/>
      <metrics loc="68" ncloc="39" classes="1" methods="3" coveredmethods="1" conditionals="0" coveredconditionals="0" statements="18" coveredstatements="1" elements="21" coveredelements="2"/>
    </file>
    <file name="/home/dp/PhpstormProjects/ifs/_vendor/twig/twig/lib/Twig/TokenParser/Set.php">
      <class name="Twig_TokenParser_Set" namespace="global" fullPackage="Twig.TokenParser">
        <metrics methods="3" coveredmethods="1" conditionals="0" coveredconditionals="0" statements="19" coveredstatements="1" elements="22" coveredelements="2"/>
      </class>
      <line num="38" type="method" name="parse" crap="20" count="0"/>
      <line num="40" type="stmt" count="0"/>
      <line num="41" type="stmt" count="0"/>
      <line num="42" type="stmt" count="0"/>
      <line num="44" type="stmt" count="0"/>
      <line num="45" type="stmt" count="0"/>
      <line num="46" type="stmt" count="0"/>
      <line num="48" type="stmt" count="0"/>
      <line num="50" type="stmt" count="0"/>
      <line num="51" type="stmt" count="0"/>
      <line num="53" type="stmt" count="0"/>
      <line num="54" type="stmt" count="0"/>
      <line num="56" type="stmt" count="0"/>
      <line num="57" type="stmt" count="0"/>
      <line num="60" type="stmt" count="0"/>
      <line num="62" type="stmt" count="0"/>
      <line num="63" type="stmt" count="0"/>
      <line num="66" type="stmt" count="0"/>
      <line num="69" type="method" name="decideBlockEnd" crap="2" count="0"/>
      <line num="71" type="stmt" count="0"/>
      <line num="79" type="method" name="getTag" crap="1" count="1"/>
      <line num="81" type="stmt" count="1"/>
      <metrics loc="83" ncloc="46" classes="1" methods="3" coveredmethods="1" conditionals="0" coveredconditionals="0" statements="19" coveredstatements="1" elements="22" coveredelements="2"/>
    </file>
    <file name="/home/dp/PhpstormProjects/ifs/_vendor/twig/twig/lib/Twig/TokenParser/Spaceless.php">
      <class name="Twig_TokenParser_Spaceless" namespace="global" fullPackage="Twig.TokenParser">
        <metrics methods="3" coveredmethods="1" conditionals="0" coveredconditionals="0" statements="7" coveredstatements="1" elements="10" coveredelements="2"/>
      </class>
      <line num="34" type="method" name="parse" crap="2" count="0"/>
      <line num="36" type="stmt" count="0"/>
      <line num="38" type="stmt" count="0"/>
      <line num="39" type="stmt" count="0"/>
      <line num="40" type="stmt" count="0"/>
      <line num="42" type="stmt" count="0"/>
      <line num="45" type="method" name="decideSpacelessEnd" crap="2" count="0"/>
      <line num="47" type="stmt" count="0"/>
      <line num="55" type="method" name="getTag" crap="1" count="1"/>
      <line num="57" type="stmt" count="1"/>
      <metrics loc="59" ncloc="26" classes="1" methods="3" coveredmethods="1" conditionals="0" coveredconditionals="0" statements="7" coveredstatements="1" elements="10" coveredelements="2"/>
    </file>
    <file name="/home/dp/PhpstormProjects/ifs/_vendor/twig/twig/lib/Twig/TokenParser/Use.php">
      <class name="Twig_TokenParser_Use" namespace="global" fullPackage="Twig.TokenParser">
        <metrics methods="2" coveredmethods="1" conditionals="0" coveredconditionals="0" statements="20" coveredstatements="1" elements="22" coveredelements="2"/>
      </class>
      <line num="35" type="method" name="parse" crap="42" count="0"/>
      <line num="37" type="stmt" count="0"/>
      <line num="38" type="stmt" count="0"/>
      <line num="40" type="stmt" count="0"/>
      <line num="41" type="stmt" count="0"/>
      <line num="44" type="stmt" count="0"/>
      <line num="45" type="stmt" count="0"/>
      <line num="47" type="stmt" count="0"/>
      <line num="49" type="stmt" count="0"/>
      <line num="50" type="stmt" count="0"/>
      <line num="51" type="stmt" count="0"/>
      <line num="52" type="stmt" count="0"/>
      <line num="54" type="stmt" count="0"/>
      <line num="56" type="stmt" count="0"/>
      <line num="57" type="stmt" count="0"/>
      <line num="59" type="stmt" count="0"/>
      <line num="60" type="stmt" count="0"/>
      <line num="62" type="stmt" count="0"/>
      <line num="64" type="stmt" count="0"/>
      <line num="65" type="stmt" count="0"/>
      <line num="72" type="method" name="getTag" crap="1" count="1"/>
      <line num="74" type="stmt" count="1"/>
      <metrics loc="76" ncloc="42" classes="1" methods="2" coveredmethods="1" conditionals="0" coveredconditionals="0" statements="20" coveredstatements="1" elements="22" coveredelements="2"/>
    </file>
    <file name="/home/dp/PhpstormProjects/ifs/_vendor/twig/twig/lib/Twig/TokenParserBroker.php">
      <class name="Twig_TokenParserBroker" namespace="global" fullPackage="Twig">
        <metrics methods="9" coveredmethods="1" conditionals="0" coveredconditionals="0" statements="44" coveredstatements="14" elements="53" coveredelements="15"/>
      </class>
      <line num="31" type="method" name="__construct" crap="9.06" count="1"/>
      <line num="33" type="stmt" count="1"/>
      <line num="34" type="stmt" count="0"/>
      <line num="35" type="stmt" count="0"/>
      <line num="37" type="stmt" count="0"/>
      <line num="38" type="stmt" count="1"/>
      <line num="39" type="stmt" count="1"/>
      <line num="40" type="stmt" count="0"/>
      <line num="41" type="stmt" count="0"/>
      <line num="43" type="stmt" count="0"/>
      <line num="44" type="stmt" count="1"/>
      <line num="45" type="stmt" count="1"/>
      <line num="52" type="method" name="addTokenParser" crap="1" count="1"/>
      <line num="54" type="stmt" count="1"/>
      <line num="55" type="stmt" count="1"/>
      <line num="62" type="method" name="removeTokenParser" crap="12" count="0"/>
      <line num="64" type="stmt" count="0"/>
      <line num="65" type="stmt" count="0"/>
      <line num="66" type="stmt" count="0"/>
      <line num="67" type="stmt" count="0"/>
      <line num="68" type="stmt" count="0"/>
      <line num="75" type="method" name="addTokenParserBroker" crap="2" count="0"/>
      <line num="77" type="stmt" count="0"/>
      <line num="78" type="stmt" count="0"/>
      <line num="85" type="method" name="removeTokenParserBroker" crap="6" count="0"/>
      <line num="87" type="stmt" count="0"/>
      <line num="88" type="stmt" count="0"/>
      <line num="89" type="stmt" count="0"/>
      <line num="90" type="stmt" count="0"/>
      <line num="101" type="method" name="getTokenParser" crap="20" count="0"/>
      <line num="103" type="stmt" count="0"/>
      <line num="104" type="stmt" count="0"/>
      <line num="106" type="stmt" count="0"/>
      <line num="107" type="stmt" count="0"/>
      <line num="108" type="stmt" count="0"/>
      <line num="109" type="stmt" count="0"/>
      <line num="110" type="stmt" count="0"/>
      <line num="112" type="stmt" count="0"/>
      <line num="113" type="stmt" count="0"/>
      <line num="114" type="stmt" count="0"/>
      <line num="116" type="method" name="getParsers" crap="2" count="0"/>
      <line num="118" type="stmt" count="0"/>
      <line num="121" type="method" name="getParser" crap="2" count="0"/>
      <line num="123" type="stmt" count="0"/>
      <line num="126" type="method" name="setParser" crap="3.02" count="1"/>
      <line num="128" type="stmt" count="1"/>
      <line num="129" type="stmt" count="1"/>
      <line num="130" type="stmt" count="1"/>
      <line num="131" type="stmt" count="1"/>
      <line num="132" type="stmt" count="1"/>
      <line num="133" type="stmt" count="0"/>
      <line num="134" type="stmt" count="1"/>
      <line num="135" type="stmt" count="1"/>
      <metrics loc="136" ncloc="86" classes="1" methods="9" coveredmethods="1" conditionals="0" coveredconditionals="0" statements="44" coveredstatements="14" elements="53" coveredelements="15"/>
    </file>
    <file name="/home/dp/PhpstormProjects/ifs/_vendor/twig/twig/lib/Twig/TokenParserBrokerInterface.php">
      <metrics loc="45" ncloc="11" classes="0" methods="0" coveredmethods="0" conditionals="0" coveredconditionals="0" statements="0" coveredstatements="0" elements="0" coveredelements="0"/>
    </file>
    <file name="/home/dp/PhpstormProjects/ifs/_vendor/twig/twig/lib/Twig/TokenParserInterface.php">
      <metrics loc="43" ncloc="11" classes="0" methods="0" coveredmethods="0" conditionals="0" coveredconditionals="0" statements="0" coveredstatements="0" elements="0" coveredelements="0"/>
    </file>
    <file name="/home/dp/PhpstormProjects/ifs/_vendor/twig/twig/lib/Twig/TokenStream.php">
      <class name="Twig_TokenStream" namespace="global" fullPackage="Twig">
        <metrics methods="11" coveredmethods="4" conditionals="0" coveredconditionals="0" statements="32" coveredstatements="15" elements="43" coveredelements="19"/>
      </class>
      <line num="30" type="method" name="__construct" crap="1" count="1"/>
      <line num="32" type="stmt" count="1"/>
      <line num="33" type="stmt" count="1"/>
      <line num="34" type="stmt" count="1"/>
      <line num="35" type="stmt" count="1"/>
      <line num="42" type="method" name="__toString" crap="2" count="0"/>
      <line num="44" type="stmt" count="0"/>
      <line num="47" type="method" name="injectTokens" crap="2" count="0"/>
      <line num="49" type="stmt" count="0"/>
      <line num="50" type="stmt" count="0"/>
      <line num="57" type="method" name="next" crap="2.15" count="1"/>
      <line num="59" type="stmt" count="1"/>
      <line num="60" type="stmt" count="0"/>
      <line num="63" type="stmt" count="1"/>
      <line num="71" type="method" name="nextIf" crap="2.15" count="1"/>
      <line num="73" type="stmt" count="1"/>
      <line num="74" type="stmt" count="0"/>
      <line num="76" type="stmt" count="1"/>
      <line num="83" type="method" name="expect" crap="8.74" count="1"/>
      <line num="85" type="stmt" count="1"/>
      <line num="86" type="stmt" count="1"/>
      <line num="87" type="stmt" count="0"/>
      <line num="88" type="stmt" count="0"/>
      <line num="89" type="stmt" count="0"/>
      <line num="90" type="stmt" count="0"/>
      <line num="91" type="stmt" count="0"/>
      <line num="92" type="stmt" count="0"/>
      <line num="93" type="stmt" count="0"/>
      <line num="94" type="stmt" count="0"/>
      <line num="96" type="stmt" count="1"/>
      <line num="98" type="stmt" count="1"/>
      <line num="108" type="method" name="look" crap="6" count="0"/>
      <line num="110" type="stmt" count="0"/>
      <line num="111" type="stmt" count="0"/>
      <line num="114" type="stmt" count="0"/>
      <line num="122" type="method" name="test" crap="2" count="0"/>
      <line num="124" type="stmt" count="0"/>
      <line num="132" type="method" name="isEOF" crap="1" count="1"/>
      <line num="134" type="stmt" count="1"/>
      <line num="142" type="method" name="getCurrent" crap="1" count="1"/>
      <line num="144" type="stmt" count="1"/>
      <line num="152" type="method" name="getFilename" crap="1" count="1"/>
      <line num="154" type="stmt" count="1"/>
      <metrics loc="156" ncloc="89" classes="1" methods="11" coveredmethods="4" conditionals="0" coveredconditionals="0" statements="32" coveredstatements="15" elements="43" coveredelements="19"/>
    </file>
    <metrics files="178" loc="44358" ncloc="25177" classes="160" methods="1548" coveredmethods="419" conditionals="0" coveredconditionals="0" statements="12791" coveredstatements="4309" elements="14339" coveredelements="4728"/>
  </project>
</coverage>
